<?xml version="1.0" encoding="UTF-8"?>
<testsuites name="nextest-run" tests="168" skipped="0" failures="0" errors="0" uuid="b9e5cf5e-064d-4761-87c9-f6a6fff40512" timestamp="2026-09-26T21:18:44.390+07:00" time="30.564">
    <testsuite name="highgrade" tests="2" skipped="0" errors="0" failures="0">
        <testcase name="specs::progress::metadata_compatibility::old_tagged_revision_survives_metadata_but_not_material_drift" classname="highgrade" timestamp="2026-09-26T21:18:44.390+07:00" time="0.028"/>
        <testcase name="trace::id_tests::accepts_project_ids_and_rejects_malformed_ids" classname="highgrade" timestamp="2026-09-26T21:18:44.390+07:00" time="0.215"/>
    </testsuite>
    <testsuite name="highgrade::bootstrap_contracts" tests="18" skipped="0" errors="0" failures="0">
        <testcase name="bootstrap_distinguishes_adaptation_from_technical_failure" classname="highgrade::bootstrap_contracts" timestamp="2026-09-26T21:18:44.390+07:00" time="0.051"/>
        <testcase name="bootstrap_does_not_read_excluded_sources_or_offer_excluded_link_targets" classname="highgrade::bootstrap_contracts" timestamp="2026-09-26T21:18:44.390+07:00" time="0.068"/>
        <testcase name="canonical_project_has_separate_path_and_link_evidence" classname="highgrade::bootstrap_contracts" timestamp="2026-09-26T21:18:44.390+07:00" time="0.112"/>
        <testcase name="bootstrap_skips_generated_skill_outputs" classname="highgrade::bootstrap_contracts" timestamp="2026-09-26T21:18:44.390+07:00" time="0.115"/>
        <testcase name="bundled_templates_match_the_canonical_bootstrap_contract" classname="highgrade::bootstrap_contracts" timestamp="2026-09-26T21:18:44.390+07:00" time="0.127"/>
        <testcase name="bootstrap_reports_all_slots_before_registry_exists" classname="highgrade::bootstrap_contracts" timestamp="2026-09-26T21:18:44.390+07:00" time="0.155"/>
        <testcase name="alternative_name_is_candidate_but_never_accepted_as_role" classname="highgrade::bootstrap_contracts" timestamp="2026-09-26T21:18:44.390+07:00" time="0.178"/>
        <testcase name="candidate_and_input_limits_keep_partial_evidence" classname="highgrade::bootstrap_contracts" timestamp="2026-09-26T21:18:44.390+07:00" time="0.223"/>
        <testcase name="complete_project_still_reports_missing_navigation_without_candidate_walk" classname="highgrade::bootstrap_contracts" timestamp="2026-09-26T21:18:44.390+07:00" time="0.229"/>
        <testcase name="combined_roles_are_counted_once_and_invalid_assignments_fail" classname="highgrade::bootstrap_contracts" timestamp="2026-09-26T21:18:44.390+07:00" time="0.259"/>
        <testcase name="complete_project_still_checks_exclusion_input_without_walking_tree" classname="highgrade::bootstrap_contracts" timestamp="2026-09-26T21:18:44.390+07:00" time="0.273"/>
        <testcase name="exclusions_are_safe_and_bad_registry_does_not_hide_candidates" classname="highgrade::bootstrap_contracts" timestamp="2026-09-26T21:18:44.441+07:00" time="0.259"/>
        <testcase name="migrated_architecture_with_old_readme_link_is_reported" classname="highgrade::bootstrap_contracts" timestamp="2026-09-26T21:18:44.458+07:00" time="0.248"/>
        <testcase name="connected_project_uses_registered_existing_path" classname="highgrade::bootstrap_contracts" timestamp="2026-09-26T21:18:44.419+07:00" time="0.297"/>
        <testcase name="cli_accepts_bootstrap_without_registry_and_rejects_map_and_conflicts" classname="highgrade::bootstrap_contracts" timestamp="2026-09-26T21:18:44.390+07:00" time="0.326"/>
        <testcase name="missing_link_is_distinct_from_missing_file_and_registry_path_mismatch" classname="highgrade::bootstrap_contracts" timestamp="2026-09-26T21:18:44.502+07:00" time="0.228"/>
        <testcase name="bootstrap_reports_multiple_unvisited_locations_with_a_count" classname="highgrade::bootstrap_contracts" timestamp="2026-09-26T21:18:44.390+07:00" time="0.887"/>
        <testcase name="bootstrap_skips_junction_and_matches_exclusion_case" classname="highgrade::bootstrap_contracts" timestamp="2026-09-26T21:18:44.390+07:00" time="0.949"/>
    </testsuite>
    <testsuite name="highgrade::catalog_contracts" tests="36" skipped="0" errors="0" failures="0">
        <testcase name="foreign_directory_and_unknown_fields_are_not_adopted" classname="highgrade::catalog_contracts" timestamp="2026-09-26T21:18:44.730+07:00" time="0.286"/>
        <testcase name="compact_catalog_accepts_empty_changes_and_new_changes" classname="highgrade::catalog_contracts" timestamp="2026-09-26T21:18:44.569+07:00" time="0.448"/>
        <testcase name="action_diagnostics_check_runner_without_execution" classname="highgrade::catalog_contracts" timestamp="2026-09-26T21:18:44.505+07:00" time="0.630"/>
        <testcase name="explicit_migration_preserves_all_data_and_detects_legacy_writer" classname="highgrade::catalog_contracts" timestamp="2026-09-26T21:18:44.706+07:00" time="0.454"/>
        <testcase name="foreign_structured_files_are_not_deleted" classname="highgrade::catalog_contracts" timestamp="2026-09-26T21:18:45.016+07:00" time="0.180"/>
        <testcase name="compact_views_and_atomic_edit_protect_results_and_cas" classname="highgrade::catalog_contracts" timestamp="2026-09-26T21:18:44.620+07:00" time="0.605"/>
        <testcase name="evidence_batch_is_atomic_and_exact_repeat_is_noop" classname="highgrade::catalog_contracts" timestamp="2026-09-26T21:18:44.664+07:00" time="0.570"/>
        <testcase name="interrupted_transaction_refuses_reads_and_recovers_only_observed_targets" classname="highgrade::catalog_contracts" timestamp="2026-09-26T21:18:45.136+07:00" time="0.360"/>
        <testcase name="malformed_recovery_never_unblocks_catalog" classname="highgrade::catalog_contracts" timestamp="2026-09-26T21:18:45.197+07:00" time="0.333"/>
        <testcase name="recovery_cannot_delete_a_required_specification" classname="highgrade::catalog_contracts" timestamp="2026-09-26T21:18:45.530+07:00" time="0.192"/>
        <testcase name="explicit_links_reject_missing_cycles_and_do_not_inherit_content" classname="highgrade::catalog_contracts" timestamp="2026-09-26T21:18:44.701+07:00" time="1.022"/>
        <testcase name="readable_presentation_preserves_values_and_puts_service_fields_last" classname="highgrade::catalog_contracts" timestamp="2026-09-26T21:18:45.496+07:00" time="0.274"/>
        <testcase name="first_baseline_capture_rejects_local_cas_after_target_changed" classname="highgrade::catalog_contracts" timestamp="2026-09-26T21:18:44.717+07:00" time="1.103"/>
        <testcase name="local_edit_rejects_dependency_runner_drift" classname="highgrade::catalog_contracts" timestamp="2026-09-26T21:18:45.161+07:00" time="0.679"/>
        <testcase name="project_catalog_survives_service_removal_and_preserves_siblings" classname="highgrade::catalog_contracts" timestamp="2026-09-26T21:18:45.340+07:00" time="0.597"/>
        <testcase name="integrated_recheck_retains_history_and_invalidates_old_acceptance" classname="highgrade::catalog_contracts" timestamp="2026-09-26T21:18:45.017+07:00" time="1.027"/>
        <testcase name="recovery_reconstructs_partial_staging_and_missing_first_document" classname="highgrade::catalog_contracts" timestamp="2026-09-26T21:18:45.723+07:00" time="0.409"/>
        <testcase name="equivalent_native_runs_keep_material_revision_and_append_history" classname="highgrade::catalog_contracts" timestamp="2026-09-26T21:18:44.650+07:00" time="1.535"/>
        <testcase name="selected_directory_is_project_owned_and_self_contained" classname="highgrade::catalog_contracts" timestamp="2026-09-26T21:18:45.822+07:00" time="0.423"/>
        <testcase name="native_report_import_reuses_suite_and_rejects_stale_or_missing_results" classname="highgrade::catalog_contracts" timestamp="2026-09-26T21:18:45.277+07:00" time="1.176"/>
        <testcase name="metadata_batch_preserves_integrated_history_and_rejects_invalid_batches" classname="highgrade::catalog_contracts" timestamp="2026-09-26T21:18:45.225+07:00" time="1.376"/>
        <testcase name="selected_list_and_local_edit_preserve_independent_work" classname="highgrade::catalog_contracts" timestamp="2026-09-26T21:18:45.840+07:00" time="0.875"/>
        <testcase name="batch_failure_keeps_prior_results_and_each_scenario_owns_its_report" classname="highgrade::catalog_contracts" timestamp="2026-09-26T21:18:44.518+07:00" time="2.234"/>
        <testcase name="compact_transaction_limit_and_recovery_preserve_catalog" classname="highgrade::catalog_contracts" timestamp="2026-09-26T21:18:44.613+07:00" time="2.157"/>
        <testcase name="spec_check_brief_reports_affected_inputs" classname="highgrade::catalog_contracts" timestamp="2026-09-26T21:18:46.044+07:00" time="0.756"/>
        <testcase name="two_catalog_writers_cannot_allocate_the_same_number" classname="highgrade::catalog_contracts" timestamp="2026-09-26T21:18:46.453+07:00" time="0.468"/>
        <testcase name="spec_check_brief_returns_stable_handoff" classname="highgrade::catalog_contracts" timestamp="2026-09-26T21:18:46.185+07:00" time="0.739"/>
        <testcase name="spec_check_brief_reports_stale_run" classname="highgrade::catalog_contracts" timestamp="2026-09-26T21:18:46.132+07:00" time="1.150"/>
        <testcase name="multiple_checks_cannot_hide_failed_sibling_and_manual_is_explicit" classname="highgrade::catalog_contracts" timestamp="2026-09-26T21:18:45.234+07:00" time="2.462"/>
        <testcase name="shared_inputs_track_content_and_membership" classname="highgrade::catalog_contracts" timestamp="2026-09-26T21:18:45.937+07:00" time="1.798"/>
        <testcase name="compact_history_preserves_observations_and_rejects_corruption" classname="highgrade::catalog_contracts" timestamp="2026-09-26T21:18:44.605+07:00" time="3.172"/>
        <testcase name="scoped_baseline_captures_only_selected_requirements_and_never_refreshes" classname="highgrade::catalog_contracts" timestamp="2026-09-26T21:18:45.770+07:00" time="2.220"/>
        <testcase name="tags_merge_atomically_and_filters_keep_dependencies_discoverable" classname="highgrade::catalog_contracts" timestamp="2026-09-26T21:18:46.245+07:00" time="2.578"/>
        <testcase name="cargo_runner_requires_a_real_exact_test" classname="highgrade::catalog_contracts" timestamp="2026-09-26T21:18:44.545+07:00" time="6.133"/>
        <testcase name="run_statistics_track_attempts_without_execution" classname="highgrade::catalog_contracts" timestamp="2026-09-26T21:18:45.723+07:00" time="4.977"/>
        <testcase name="explicit_runner_records_real_pass_fail_skip_empty_timeout_and_drift" classname="highgrade::catalog_contracts" timestamp="2026-09-26T21:18:44.716+07:00" time="9.992"/>
    </testsuite>
    <testsuite name="highgrade::contracts" tests="32" skipped="0" errors="0" failures="0">
        <testcase name="broken_links_and_anchors_are_failures" classname="highgrade::contracts" timestamp="2026-09-26T21:18:46.601+07:00" time="0.237"/>
        <testcase name="budget_history_cannot_skip_or_exceed_ceiling" classname="highgrade::contracts" timestamp="2026-09-26T21:18:46.715+07:00" time="0.241"/>
        <testcase name="colocated_document_does_not_cover_its_parent" classname="highgrade::contracts" timestamp="2026-09-26T21:18:46.800+07:00" time="0.217"/>
        <testcase name="cli_errors_keep_the_report_contract" classname="highgrade::contracts" timestamp="2026-09-26T21:18:46.771+07:00" time="0.319"/>
        <testcase name="exceeding_agreed_budget_warns_without_raising_it" classname="highgrade::contracts" timestamp="2026-09-26T21:18:47.017+07:00" time="0.217"/>
        <testcase name="default_inspect_uses_only_highgrade_registry" classname="highgrade::contracts" timestamp="2026-09-26T21:18:46.923+07:00" time="0.428"/>
        <testcase name="entry_does_not_hide_unmapped_sibling" classname="highgrade::contracts" timestamp="2026-09-26T21:18:46.957+07:00" time="0.412"/>
        <testcase name="conflicting_skill_is_not_adopted_even_if_equal" classname="highgrade::contracts" timestamp="2026-09-26T21:18:46.921+07:00" time="0.704"/>
        <testcase name="incomplete_temp_is_preserved_and_not_activated" classname="highgrade::contracts" timestamp="2026-09-26T21:18:47.090+07:00" time="0.731"/>
        <testcase name="install_rejects_stale_audit" classname="highgrade::contracts" timestamp="2026-09-26T21:18:47.281+07:00" time="0.566"/>
        <testcase name="install_requires_audit_before_writes" classname="highgrade::contracts" timestamp="2026-09-26T21:18:47.352+07:00" time="0.552"/>
        <testcase name="measures_utf8_crlf_and_does_not_modify_inputs" classname="highgrade::contracts" timestamp="2026-09-26T21:18:47.735+07:00" time="0.200"/>
        <testcase name="missing_budget_is_unknown_not_success" classname="highgrade::contracts" timestamp="2026-09-26T21:18:47.778+07:00" time="0.188"/>
        <testcase name="links_support_reference_unicode_parent_and_code_exclusion" classname="highgrade::contracts" timestamp="2026-09-26T21:18:47.696+07:00" time="0.272"/>
        <testcase name="missing_roles_duplicates_and_files_are_reported" classname="highgrade::contracts" timestamp="2026-09-26T21:18:47.822+07:00" time="0.167"/>
        <testcase name="new_area_is_unknown" classname="highgrade::contracts" timestamp="2026-09-26T21:18:47.904+07:00" time="0.152"/>
        <testcase name="junction_is_not_followed" classname="highgrade::contracts" timestamp="2026-09-26T21:18:47.626+07:00" time="0.446"/>
        <testcase name="package_hash_failure_writes_nothing" classname="highgrade::contracts" timestamp="2026-09-26T21:18:47.935+07:00" time="0.151"/>
        <testcase name="complete_temp_can_resume_publication" classname="highgrade::contracts" timestamp="2026-09-26T21:18:46.839+07:00" time="1.267"/>
        <testcase name="scenario_ids_in_headings_are_not_broken_markdown_links" classname="highgrade::contracts" timestamp="2026-09-26T21:18:47.989+07:00" time="0.206"/>
        <testcase name="scoped_inspection_selects_sources_and_reports_unmapped_scope" classname="highgrade::contracts" timestamp="2026-09-26T21:18:47.990+07:00" time="0.221"/>
        <testcase name="source_inventory_is_case_sensitive_and_stable" classname="highgrade::contracts" timestamp="2026-09-26T21:18:48.056+07:00" time="0.228"/>
        <testcase name="parent_scope_reads_child_documents" classname="highgrade::contracts" timestamp="2026-09-26T21:18:47.966+07:00" time="0.335"/>
        <testcase name="traversal_and_ads_are_rejected" classname="highgrade::contracts" timestamp="2026-09-26T21:18:48.087+07:00" time="0.251"/>
        <testcase name="task_checkboxes_and_inline_code_are_not_references" classname="highgrade::contracts" timestamp="2026-09-26T21:18:48.073+07:00" time="0.265"/>
        <testcase name="unresolved_reference_is_not_silent" classname="highgrade::contracts" timestamp="2026-09-26T21:18:48.106+07:00" time="0.279"/>
        <testcase name="valid_budget_history_passes" classname="highgrade::contracts" timestamp="2026-09-26T21:18:48.196+07:00" time="0.285"/>
        <testcase name="recovery_does_not_overwrite_foreign_edit" classname="highgrade::contracts" timestamp="2026-09-26T21:18:47.969+07:00" time="0.539"/>
        <testcase name="modified_installed_file_is_detected" classname="highgrade::contracts" timestamp="2026-09-26T21:18:47.847+07:00" time="0.945"/>
        <testcase name="install_preserves_agents_and_repeats_without_duplicates" classname="highgrade::contracts" timestamp="2026-09-26T21:18:47.236+07:00" time="1.688"/>
        <testcase name="cli_command_help_is_available_without_a_project" classname="highgrade::contracts" timestamp="2026-09-26T21:18:46.752+07:00" time="4.990"/>
        <testcase name="interruption_at_each_publication_boundary_resumes" classname="highgrade::contracts" timestamp="2026-09-26T21:18:47.370+07:00" time="5.053"/>
    </testsuite>
    <testsuite name="highgrade::global_contracts" tests="28" skipped="0" errors="0" failures="0">
        <testcase name="doctor_reports_unavailable_tool_without_claiming_version" classname="highgrade::global_contracts" timestamp="2026-09-26T21:18:48.212+07:00" time="0.328"/>
        <testcase name="global_update_rejects_manual_rollback_option" classname="highgrade::global_contracts" timestamp="2026-09-26T21:18:48.793+07:00" time="0.265"/>
        <testcase name="kit_manifest_uses_stable_lf_bytes" classname="highgrade::global_contracts" timestamp="2026-09-26T21:18:49.058+07:00" time="0.107"/>
        <testcase name="global_install_rejects_hash_and_foreign_router_without_activation" classname="highgrade::global_contracts" timestamp="2026-09-26T21:18:48.481+07:00" time="1.791"/>
        <testcase name="installed_runtime_references_survive_removal_of_source_copy" classname="highgrade::global_contracts" timestamp="2026-09-26T21:18:48.823+07:00" time="5.586"/>
        <testcase name="interrupted_skill_update_recovers_without_overwriting_user_edit" classname="highgrade::global_contracts" timestamp="2026-09-26T21:18:48.924+07:00" time="5.730"/>
        <testcase name="shipped_tool_references_resolve_without_repository_files" classname="highgrade::global_contracts" timestamp="2026-09-26T21:18:54.409+07:00" time="0.417"/>
        <testcase name="supported_adapter_does_not_claim_semantic_readiness" classname="highgrade::global_contracts" timestamp="2026-09-26T21:18:54.827+07:00" time="0.111"/>
        <testcase name="failed_stage_preserves_foreign_candidate_journal" classname="highgrade::global_contracts" timestamp="2026-09-26T21:18:48.338+07:00" time="6.623"/>
        <testcase name="unsupported_project_adapter_is_a_failure" classname="highgrade::global_contracts" timestamp="2026-09-26T21:18:54.961+07:00" time="0.262"/>
        <testcase name="global_install_does_not_touch_project_and_checks_adapter" classname="highgrade::global_contracts" timestamp="2026-09-26T21:18:48.385+07:00" time="7.230"/>
        <testcase name="planner_router_is_portable" classname="highgrade::global_contracts" timestamp="2026-09-26T21:18:50.700+07:00" time="5.632"/>
        <testcase name="shipped_registry_example_is_accepted_without_inventing_budgets" classname="highgrade::global_contracts" timestamp="2026-09-26T21:18:52.423+07:00" time="3.951"/>
        <testcase name="locked_v026_router_is_inactive_after_switch" classname="highgrade::global_contracts" timestamp="2026-09-26T21:18:50.273+07:00" time="8.868"/>
        <testcase name="failed_forward_pointer_change_allows_a_different_candidate" classname="highgrade::global_contracts" timestamp="2026-09-26T21:18:48.302+07:00" time="12.402"/>
        <testcase name="nine_skill_release_upgrades_to_thematic_tool_references" classname="highgrade::global_contracts" timestamp="2026-09-26T21:18:50.679+07:00" time="10.961"/>
        <testcase name="planner_update_accepts_prior_eight_skill_release" classname="highgrade::global_contracts" timestamp="2026-09-26T21:18:51.742+07:00" time="10.071"/>
        <testcase name="failed_candidate_stage_restores_changed_skill" classname="highgrade::global_contracts" timestamp="2026-09-26T21:18:48.284+07:00" time="13.609"/>
        <testcase name="thematic_tools_release_upgrades_to_fixer_materials" classname="highgrade::global_contracts" timestamp="2026-09-26T21:18:54.938+07:00" time="10.080"/>
        <testcase name="failed_stage_does_not_leave_new_routers" classname="highgrade::global_contracts" timestamp="2026-09-26T21:18:48.338+07:00" time="16.785"/>
        <testcase name="global_update_preserves_project_adaptation_in_profile" classname="highgrade::global_contracts" timestamp="2026-09-26T21:18:48.508+07:00" time="17.266"/>
        <testcase name="v026_deploy_migrates_to_two_routes_and_removes_old_release" classname="highgrade::global_contracts" timestamp="2026-09-26T21:18:56.333+07:00" time="10.246"/>
        <testcase name="six_skill_release_preserves_owned_crlf_routers" classname="highgrade::global_contracts" timestamp="2026-09-26T21:18:54.655+07:00" time="11.979"/>
        <testcase name="legacy_deploy_migrates_to_approve_push_and_cleans_old_release" classname="highgrade::global_contracts" timestamp="2026-09-26T21:18:49.165+07:00" time="17.626"/>
        <testcase name="six_skill_release_updates_to_approve_push_and_cleans_old_release" classname="highgrade::global_contracts" timestamp="2026-09-26T21:18:54.708+07:00" time="12.472"/>
        <testcase name="global_update_preview_switch_and_cleanup_keep_unrelated_files" classname="highgrade::global_contracts" timestamp="2026-09-26T21:18:48.540+07:00" time="20.559"/>
        <testcase name="update_replaces_owned_skill_and_preserves_user_edit" classname="highgrade::global_contracts" timestamp="2026-09-26T21:18:55.616+07:00" time="14.456"/>
        <testcase name="update_preserves_foreign_file_in_old_release" classname="highgrade::global_contracts" timestamp="2026-09-26T21:18:55.223+07:00" time="18.382"/>
    </testsuite>
    <testsuite name="highgrade::issue_contracts" tests="6" skipped="0" errors="0" failures="0">
        <testcase name="foreign_catalog_versions_and_unsafe_recovery_are_rejected" classname="highgrade::issue_contracts" timestamp="2026-09-26T21:18:56.375+07:00" time="0.214"/>
        <testcase name="interrupted_issue_transaction_requires_explicit_safe_recovery" classname="highgrade::issue_contracts" timestamp="2026-09-26T21:18:56.589+07:00" time="0.336"/>
        <testcase name="invalid_edits_and_concurrent_writers_leave_whole_catalog" classname="highgrade::issue_contracts" timestamp="2026-09-26T21:18:56.926+07:00" time="0.406"/>
        <testcase name="issue_catalog_search_and_read_never_execute_recipes" classname="highgrade::issue_contracts" timestamp="2026-09-26T21:18:57.332+07:00" time="0.208"/>
        <testcase name="issue_evidence_rejects_case_variants_of_owned_paths" classname="highgrade::issue_contracts" timestamp="2026-09-26T21:18:57.540+07:00" time="0.236"/>
        <testcase name="occurrence_receipts_are_idempotent_and_verification_is_material" classname="highgrade::issue_contracts" timestamp="2026-09-26T21:18:57.776+07:00" time="0.707"/>
    </testsuite>
    <testsuite name="highgrade::package_contracts" tests="7" skipped="0" errors="0" failures="0">
        <testcase name="bundled_skill_frontmatter_uses_safe_scalars" classname="highgrade::package_contracts" timestamp="2026-09-26T21:18:58.484+07:00" time="0.178"/>
        <testcase name="full_install_keeps_project_files_and_repeats" classname="highgrade::package_contracts" timestamp="2026-09-26T21:18:59.141+07:00" time="1.253"/>
        <testcase name="full_install_rejects_pending_audit_and_foreign_skill" classname="highgrade::package_contracts" timestamp="2026-09-26T21:19:00.394+07:00" time="0.423"/>
        <testcase name="candidate_conflict_never_changes_active_release" classname="highgrade::package_contracts" timestamp="2026-09-26T21:18:58.663+07:00" time="2.692"/>
        <testcase name="project_exclusions_require_an_explicit_reason_and_fresh_audit" classname="highgrade::package_contracts" timestamp="2026-09-26T21:19:00.704+07:00" time="1.294"/>
        <testcase name="update_rejects_manifest_cli_version_mismatch" classname="highgrade::package_contracts" timestamp="2026-09-26T21:19:00.817+07:00" time="4.063"/>
        <testcase name="update_requires_fresh_explicit_decision_and_preserves_adaptation" classname="highgrade::package_contracts" timestamp="2026-09-26T21:19:01.355+07:00" time="13.598"/>
    </testsuite>
    <testsuite name="highgrade::spec_contracts" tests="18" skipped="0" errors="0" failures="0">
        <testcase name="drafts_are_readable_but_unknown_versions_and_fields_never_write" classname="highgrade::spec_contracts" timestamp="2026-09-26T21:19:01.894+07:00" time="0.203"/>
        <testcase name="competing_processes_and_failed_replace_preserve_whole_store" classname="highgrade::spec_contracts" timestamp="2026-09-26T21:19:01.814+07:00" time="0.283"/>
        <testcase name="automatic_numbers_survive_abandon_failure_and_competing_cli_writers" classname="highgrade::spec_contracts" timestamp="2026-09-26T21:19:01.641+07:00" time="0.465"/>
        <testcase name="equivalent_evidence_refresh_preserves_decision_but_changed_observation_does_not" classname="highgrade::spec_contracts" timestamp="2026-09-26T21:19:01.999+07:00" time="0.507"/>
        <testcase name="evidence_and_review_go_stale_without_losing_unaffected_observations" classname="highgrade::spec_contracts" timestamp="2026-09-26T21:19:02.097+07:00" time="0.551"/>
        <testcase name="human_history_is_atomic_protected_and_bound_to_spec_and_implementation" classname="highgrade::spec_contracts" timestamp="2026-09-26T21:19:02.097+07:00" time="0.925"/>
        <testcase name="native_doctor_does_not_require_openspec_or_execute_external_tools" classname="highgrade::spec_contracts" timestamp="2026-09-26T21:19:03.023+07:00" time="0.119"/>
        <testcase name="integration_rejects_stale_base_and_requires_removal_reason" classname="highgrade::spec_contracts" timestamp="2026-09-26T21:19:02.106+07:00" time="1.209"/>
        <testcase name="negative_review_and_sibling_scenario_regressions" classname="highgrade::spec_contracts" timestamp="2026-09-26T21:19:03.141+07:00" time="0.430"/>
        <testcase name="json_progress_rejects_missing_skipped_unknown_and_negative_review" classname="highgrade::spec_contracts" timestamp="2026-09-26T21:19:02.648+07:00" time="0.957"/>
        <testcase name="isolated_three_spec_lifecycle_keeps_exact_decisions_and_pending_work" classname="highgrade::spec_contracts" timestamp="2026-09-26T21:19:02.506+07:00" time="1.204"/>
        <testcase name="report_that_is_also_an_input_never_hides_changed_implementation" classname="highgrade::spec_contracts" timestamp="2026-09-26T21:19:03.571+07:00" time="0.428"/>
        <testcase name="reviewed_contract_transfer_preserves_unverified_status_and_rejects_bad_inputs" classname="highgrade::spec_contracts" timestamp="2026-09-26T21:19:03.710+07:00" time="0.493"/>
        <testcase name="returned_integrated_spec_is_corrected_by_a_new_change_without_rewriting_history" classname="highgrade::spec_contracts" timestamp="2026-09-26T21:19:03.606+07:00" time="0.645"/>
        <testcase name="v1_migration_preserves_exact_backup_ids_evidence_and_review_digest" classname="highgrade::spec_contracts" timestamp="2026-09-26T21:19:04.251+07:00" time="0.437"/>
        <testcase name="reviewed_import_transfer_works_with_directory_catalog" classname="highgrade::spec_contracts" timestamp="2026-09-26T21:19:04.000+07:00" time="0.745"/>
        <testcase name="selected_import_retains_source_and_leaves_other_legacy_requirements" classname="highgrade::spec_contracts" timestamp="2026-09-26T21:19:04.203+07:00" time="0.594"/>
        <testcase name="read_payload_and_cas_always_describe_the_same_snapshot" classname="highgrade::spec_contracts" timestamp="2026-09-26T21:19:03.316+07:00" time="2.911"/>
    </testsuite>
    <testsuite name="highgrade::survey_contracts" tests="10" skipped="0" errors="0" failures="0">
        <testcase name="negative_review_is_current_but_does_not_allow_transition" classname="highgrade::survey_contracts" timestamp="2026-09-26T21:19:04.745+07:00" time="0.188"/>
        <testcase name="structural_inventory_keeps_configuration_and_never_hashes_large_or_secret_files" classname="highgrade::survey_contracts" timestamp="2026-09-26T21:19:04.797+07:00" time="0.237"/>
        <testcase name="survey_cas_invalid_inputs_and_lock_leave_document_unchanged" classname="highgrade::survey_contracts" timestamp="2026-09-26T21:19:04.934+07:00" time="0.281"/>
        <testcase name="survey_help_exposes_its_own_schema_and_required_arguments" classname="highgrade::survey_contracts" timestamp="2026-09-26T21:19:05.018+07:00" time="0.227"/>
        <testcase name="survey_starts_without_specs_and_reading_never_executes_or_writes" classname="highgrade::survey_contracts" timestamp="2026-09-26T21:19:05.123+07:00" time="0.272"/>
        <testcase name="unresolved_decision_and_dependent_findings_do_not_become_ready" classname="highgrade::survey_contracts" timestamp="2026-09-26T21:19:05.246+07:00" time="0.508"/>
        <testcase name="survey_tracks_only_selected_sources_and_preserves_completed_history" classname="highgrade::survey_contracts" timestamp="2026-09-26T21:19:05.215+07:00" time="0.577"/>
        <testcase name="survey_refuses_junctions_and_preserves_outside_sentinel" classname="highgrade::survey_contracts" timestamp="2026-09-26T21:19:05.035+07:00" time="1.505"/>
        <testcase name="survey_assets_and_schema_work_from_installed_release" classname="highgrade::survey_contracts" timestamp="2026-09-26T21:19:04.880+07:00" time="3.068"/>
        <testcase name="discovery_limits_and_missing_sources_are_explicitly_incomplete" classname="highgrade::survey_contracts" timestamp="2026-09-26T21:19:04.689+07:00" time="5.179"/>
    </testsuite>
    <testsuite name="highgrade::temp_contracts" tests="1" skipped="0" errors="0" failures="0">
        <testcase name="test_dir_cleans_after_panic_and_keeps_foreign_directory" classname="highgrade::temp_contracts" timestamp="2026-09-26T21:19:05.395+07:00" time="0.131"/>
    </testsuite>
    <testsuite name="highgrade::trace_contracts" tests="10" skipped="0" errors="0" failures="0">
        <testcase name="active_modified_requirement_replaces_base_for_trace" classname="highgrade::trace_contracts" timestamp="2026-09-26T21:19:05.526+07:00" time="0.255"/>
        <testcase name="duplicate_and_unknown_scenario_ids_do_not_pass" classname="highgrade::trace_contracts" timestamp="2026-09-26T21:19:05.774+07:00" time="0.172"/>
        <testcase name="native_reports_remain_readable_after_checkout_moves" classname="highgrade::trace_contracts" timestamp="2026-09-26T21:19:05.792+07:00" time="0.342"/>
        <testcase name="native_owner_replaces_only_imported_markdown_and_ignores_evidence_metadata" classname="highgrade::trace_contracts" timestamp="2026-09-26T21:19:05.781+07:00" time="0.374"/>
        <testcase name="automatic_trace_keeps_scope_and_outcomes_distinct" classname="highgrade::trace_contracts" timestamp="2026-09-26T21:19:05.754+07:00" time="0.401"/>
        <testcase name="playwright_resolves_source_relative_to_report_root" classname="highgrade::trace_contracts" timestamp="2026-09-26T21:19:05.946+07:00" time="0.242"/>
        <testcase name="rust_requires_real_listed_passing_result" classname="highgrade::trace_contracts" timestamp="2026-09-26T21:19:06.155+07:00" time="0.194"/>
        <testcase name="reviewed_transfer_trace_selects_one_owner_and_preserves_neighbor" classname="highgrade::trace_contracts" timestamp="2026-09-26T21:19:06.155+07:00" time="0.309"/>
        <testcase name="playwright_uses_annotation_and_result_not_just_link" classname="highgrade::trace_contracts" timestamp="2026-09-26T21:19:06.136+07:00" time="0.346"/>
        <testcase name="rust_skip_failure_unknown_and_empty_are_unconfirmed" classname="highgrade::trace_contracts" timestamp="2026-09-26T21:19:06.188+07:00" time="0.395"/>
    </testsuite>
</testsuites>
