<?xml version="1.0" encoding="UTF-8"?>
<testsuites name="nextest-run" tests="177" skipped="0" failures="0" errors="0" uuid="50bf0d9f-c734-4831-96d1-d4ea66f97eff" timestamp="2026-09-26T23:16:59.870+07:00" time="21.364">
    <testsuite name="highgrade" tests="2" skipped="0" errors="0" failures="0">
        <testcase name="specs::progress::metadata_compatibility::old_tagged_revision_survives_metadata_but_not_material_drift" classname="highgrade" timestamp="2026-09-26T23:16:59.871+07:00" time="0.048"/>
        <testcase name="trace::id_tests::accepts_project_ids_and_rejects_malformed_ids" classname="highgrade" timestamp="2026-09-26T23:16:59.870+07:00" time="0.075"/>
    </testsuite>
    <testsuite name="highgrade::bootstrap_contracts" tests="18" skipped="0" errors="0" failures="0">
        <testcase name="alternative_name_is_candidate_but_never_accepted_as_role" classname="highgrade::bootstrap_contracts" timestamp="2026-09-26T23:16:59.870+07:00" time="0.048"/>
        <testcase name="candidate_and_input_limits_keep_partial_evidence" classname="highgrade::bootstrap_contracts" timestamp="2026-09-26T23:16:59.871+07:00" time="0.063"/>
        <testcase name="complete_project_still_reports_missing_navigation_without_candidate_walk" classname="highgrade::bootstrap_contracts" timestamp="2026-09-26T23:16:59.870+07:00" time="0.079"/>
        <testcase name="bootstrap_distinguishes_adaptation_from_technical_failure" classname="highgrade::bootstrap_contracts" timestamp="2026-09-26T23:16:59.870+07:00" time="0.091"/>
        <testcase name="canonical_project_has_separate_path_and_link_evidence" classname="highgrade::bootstrap_contracts" timestamp="2026-09-26T23:16:59.871+07:00" time="0.096"/>
        <testcase name="bootstrap_reports_all_slots_before_registry_exists" classname="highgrade::bootstrap_contracts" timestamp="2026-09-26T23:16:59.870+07:00" time="0.109"/>
        <testcase name="bootstrap_skips_generated_skill_outputs" classname="highgrade::bootstrap_contracts" timestamp="2026-09-26T23:16:59.871+07:00" time="0.165"/>
        <testcase name="bundled_templates_match_the_canonical_bootstrap_contract" classname="highgrade::bootstrap_contracts" timestamp="2026-09-26T23:16:59.871+07:00" time="0.165"/>
        <testcase name="combined_roles_are_counted_once_and_invalid_assignments_fail" classname="highgrade::bootstrap_contracts" timestamp="2026-09-26T23:16:59.871+07:00" time="0.207"/>
        <testcase name="complete_project_still_checks_exclusion_input_without_walking_tree" classname="highgrade::bootstrap_contracts" timestamp="2026-09-26T23:16:59.870+07:00" time="0.227"/>
        <testcase name="bootstrap_reports_multiple_unvisited_locations_with_a_count" classname="highgrade::bootstrap_contracts" timestamp="2026-09-26T23:16:59.870+07:00" time="0.259"/>
        <testcase name="bootstrap_does_not_read_excluded_sources_or_offer_excluded_link_targets" classname="highgrade::bootstrap_contracts" timestamp="2026-09-26T23:16:59.870+07:00" time="0.260"/>
        <testcase name="exclusions_are_safe_and_bad_registry_does_not_hide_candidates" classname="highgrade::bootstrap_contracts" timestamp="2026-09-26T23:16:59.919+07:00" time="0.244"/>
        <testcase name="migrated_architecture_with_old_readme_link_is_reported" classname="highgrade::bootstrap_contracts" timestamp="2026-09-26T23:16:59.934+07:00" time="0.267"/>
        <testcase name="connected_project_uses_registered_existing_path" classname="highgrade::bootstrap_contracts" timestamp="2026-09-26T23:16:59.919+07:00" time="0.306"/>
        <testcase name="missing_link_is_distinct_from_missing_file_and_registry_path_mismatch" classname="highgrade::bootstrap_contracts" timestamp="2026-09-26T23:16:59.945+07:00" time="0.306"/>
        <testcase name="cli_accepts_bootstrap_without_registry_and_rejects_map_and_conflicts" classname="highgrade::bootstrap_contracts" timestamp="2026-09-26T23:16:59.871+07:00" time="1.151"/>
        <testcase name="bootstrap_skips_junction_and_matches_exclusion_case" classname="highgrade::bootstrap_contracts" timestamp="2026-09-26T23:16:59.871+07:00" time="1.208"/>
    </testsuite>
    <testsuite name="highgrade::catalog_contracts" tests="39" skipped="0" errors="0" failures="0">
        <testcase name="compact_catalog_accepts_empty_changes_and_new_changes" classname="highgrade::catalog_contracts" timestamp="2026-09-26T23:16:59.980+07:00" time="0.559"/>
        <testcase name="explicit_migration_preserves_all_data_and_detects_legacy_writer" classname="highgrade::catalog_contracts" timestamp="2026-09-26T23:17:00.225+07:00" time="0.334"/>
        <testcase name="compact_views_and_atomic_edit_protect_results_and_cas" classname="highgrade::catalog_contracts" timestamp="2026-09-26T23:17:00.078+07:00" time="0.482"/>
        <testcase name="action_diagnostics_check_runner_without_execution" classname="highgrade::catalog_contracts" timestamp="2026-09-26T23:16:59.950+07:00" time="0.610"/>
        <testcase name="evidence_batch_is_atomic_and_exact_repeat_is_noop" classname="highgrade::catalog_contracts" timestamp="2026-09-26T23:17:00.163+07:00" time="0.405"/>
        <testcase name="foreign_directory_and_unknown_fields_are_not_adopted" classname="highgrade::catalog_contracts" timestamp="2026-09-26T23:17:00.559+07:00" time="0.069"/>
        <testcase name="foreign_structured_files_are_not_deleted" classname="highgrade::catalog_contracts" timestamp="2026-09-26T23:17:00.560+07:00" time="0.094"/>
        <testcase name="interrupted_transaction_refuses_reads_and_recovers_only_observed_targets" classname="highgrade::catalog_contracts" timestamp="2026-09-26T23:17:00.568+07:00" time="0.253"/>
        <testcase name="explicit_links_reject_missing_cycles_and_do_not_inherit_content" classname="highgrade::catalog_contracts" timestamp="2026-09-26T23:17:00.201+07:00" time="0.819"/>
        <testcase name="malformed_recovery_never_unblocks_catalog" classname="highgrade::catalog_contracts" timestamp="2026-09-26T23:17:00.821+07:00" time="0.214"/>
        <testcase name="first_baseline_capture_rejects_local_cas_after_target_changed" classname="highgrade::catalog_contracts" timestamp="2026-09-26T23:17:00.539+07:00" time="0.562"/>
        <testcase name="local_edit_rejects_dependency_runner_drift" classname="highgrade::catalog_contracts" timestamp="2026-09-26T23:17:00.654+07:00" time="0.602"/>
        <testcase name="equivalent_native_runs_keep_material_revision_and_append_history" classname="highgrade::catalog_contracts" timestamp="2026-09-26T23:17:00.131+07:00" time="1.126"/>
        <testcase name="readable_presentation_preserves_values_and_puts_service_fields_last" classname="highgrade::catalog_contracts" timestamp="2026-09-26T23:17:01.102+07:00" time="0.177"/>
        <testcase name="integrated_recheck_retains_history_and_invalidates_old_acceptance" classname="highgrade::catalog_contracts" timestamp="2026-09-26T23:17:00.560+07:00" time="0.829"/>
        <testcase name="project_catalog_survives_service_removal_and_preserves_siblings" classname="highgrade::catalog_contracts" timestamp="2026-09-26T23:17:01.079+07:00" time="0.364"/>
        <testcase name="compact_transaction_limit_and_recovery_preserve_catalog" classname="highgrade::catalog_contracts" timestamp="2026-09-26T23:17:00.036+07:00" time="1.488"/>
        <testcase name="batch_failure_keeps_prior_results_and_each_scenario_owns_its_report" classname="highgrade::catalog_contracts" timestamp="2026-09-26T23:16:59.962+07:00" time="1.563"/>
        <testcase name="recovery_cannot_delete_a_required_specification" classname="highgrade::catalog_contracts" timestamp="2026-09-26T23:17:01.257+07:00" time="0.286"/>
        <testcase name="recovery_reconstructs_partial_staging_and_missing_first_document" classname="highgrade::catalog_contracts" timestamp="2026-09-26T23:17:01.257+07:00" time="0.382"/>
        <testcase name="launch_selector_is_literal_and_distinct_from_strict_report_identity" classname="highgrade::catalog_contracts" timestamp="2026-09-26T23:17:00.629+07:00" time="1.065"/>
        <testcase name="native_report_import_reuses_suite_and_rejects_stale_or_missing_results" classname="highgrade::catalog_contracts" timestamp="2026-09-26T23:17:01.036+07:00" time="0.709"/>
        <testcase name="selected_directory_is_project_owned_and_self_contained" classname="highgrade::catalog_contracts" timestamp="2026-09-26T23:17:01.444+07:00" time="0.359"/>
        <testcase name="selected_list_and_local_edit_preserve_independent_work" classname="highgrade::catalog_contracts" timestamp="2026-09-26T23:17:01.525+07:00" time="0.431"/>
        <testcase name="spec_check_brief_returns_stable_handoff" classname="highgrade::catalog_contracts" timestamp="2026-09-26T23:17:01.694+07:00" time="0.372"/>
        <testcase name="metadata_batch_preserves_integrated_history_and_rejects_invalid_batches" classname="highgrade::catalog_contracts" timestamp="2026-09-26T23:17:01.020+07:00" time="1.066"/>
        <testcase name="two_catalog_writers_cannot_allocate_the_same_number" classname="highgrade::catalog_contracts" timestamp="2026-09-26T23:17:01.803+07:00" time="0.283"/>
        <testcase name="spec_check_brief_reports_affected_inputs" classname="highgrade::catalog_contracts" timestamp="2026-09-26T23:17:01.543+07:00" time="0.546"/>
        <testcase name="spec_check_brief_reports_stale_run" classname="highgrade::catalog_contracts" timestamp="2026-09-26T23:17:01.639+07:00" time="0.560"/>
        <testcase name="compact_history_preserves_observations_and_rejects_corruption" classname="highgrade::catalog_contracts" timestamp="2026-09-26T23:17:00.035+07:00" time="2.292"/>
        <testcase name="shared_inputs_track_content_and_membership" classname="highgrade::catalog_contracts" timestamp="2026-09-26T23:17:01.526+07:00" time="0.877"/>
        <testcase name="multiple_checks_cannot_hide_failed_sibling_and_manual_is_explicit" classname="highgrade::catalog_contracts" timestamp="2026-09-26T23:17:01.022+07:00" time="1.610"/>
        <testcase name="cargo_runner_requires_a_real_exact_test" classname="highgrade::catalog_contracts" timestamp="2026-09-26T23:16:59.967+07:00" time="2.671"/>
        <testcase name="scoped_baseline_captures_only_selected_requirements_and_never_refreshes" classname="highgrade::catalog_contracts" timestamp="2026-09-26T23:17:01.389+07:00" time="1.380"/>
        <testcase name="tags_merge_atomically_and_filters_keep_dependencies_discoverable" classname="highgrade::catalog_contracts" timestamp="2026-09-26T23:17:01.745+07:00" time="1.378"/>
        <testcase name="run_statistics_track_attempts_without_execution" classname="highgrade::catalog_contracts" timestamp="2026-09-26T23:17:01.280+07:00" time="2.691"/>
        <testcase name="explicit_runner_records_real_pass_fail_skip_empty_timeout_and_drift" classname="highgrade::catalog_contracts" timestamp="2026-09-26T23:17:00.251+07:00" time="6.854"/>
        <testcase name="delivery_audits_bundle_and_git_index_without_changing_readiness" classname="highgrade::catalog_contracts" timestamp="2026-09-26T23:17:00.098+07:00" time="9.331"/>
        <testcase name="delivery_reads_index_bytes_without_filters_or_index_flag_shortcuts" classname="highgrade::catalog_contracts" timestamp="2026-09-26T23:17:00.129+07:00" time="10.167"/>
    </testsuite>
    <testsuite name="highgrade::contracts" tests="34" skipped="0" errors="0" failures="0">
        <testcase name="broken_links_and_anchors_are_failures" classname="highgrade::contracts" timestamp="2026-09-26T23:17:01.956+07:00" time="0.140"/>
        <testcase name="budget_history_cannot_skip_or_exceed_ceiling" classname="highgrade::contracts" timestamp="2026-09-26T23:17:02.066+07:00" time="0.093"/>
        <testcase name="colocated_document_does_not_cover_its_parent" classname="highgrade::contracts" timestamp="2026-09-26T23:17:02.090+07:00" time="0.109"/>
        <testcase name="cli_errors_keep_the_report_contract" classname="highgrade::contracts" timestamp="2026-09-26T23:17:02.087+07:00" time="0.153"/>
        <testcase name="diagnostic_summary_keeps_unknown_and_errors_separate" classname="highgrade::contracts" timestamp="2026-09-26T23:17:02.204+07:00" time="0.108"/>
        <testcase name="default_inspect_uses_only_highgrade_registry" classname="highgrade::contracts" timestamp="2026-09-26T23:17:02.199+07:00" time="0.129"/>
        <testcase name="conflicting_skill_is_not_adopted_even_if_equal" classname="highgrade::contracts" timestamp="2026-09-26T23:17:02.160+07:00" time="0.170"/>
        <testcase name="entry_does_not_hide_unmapped_sibling" classname="highgrade::contracts" timestamp="2026-09-26T23:17:02.240+07:00" time="0.102"/>
        <testcase name="exceeding_agreed_budget_warns_without_raising_it" classname="highgrade::contracts" timestamp="2026-09-26T23:17:02.312+07:00" time="0.118"/>
        <testcase name="install_requires_audit_before_writes" classname="highgrade::contracts" timestamp="2026-09-26T23:17:02.342+07:00" time="0.139"/>
        <testcase name="install_rejects_stale_audit" classname="highgrade::contracts" timestamp="2026-09-26T23:17:02.329+07:00" time="0.185"/>
        <testcase name="junction_is_not_followed" classname="highgrade::contracts" timestamp="2026-09-26T23:17:02.431+07:00" time="0.153"/>
        <testcase name="links_support_reference_unicode_parent_and_code_exclusion" classname="highgrade::contracts" timestamp="2026-09-26T23:17:02.482+07:00" time="0.131"/>
        <testcase name="incomplete_temp_is_preserved_and_not_activated" classname="highgrade::contracts" timestamp="2026-09-26T23:17:02.328+07:00" time="0.317"/>
        <testcase name="measures_utf8_crlf_and_does_not_modify_inputs" classname="highgrade::contracts" timestamp="2026-09-26T23:17:02.514+07:00" time="0.132"/>
        <testcase name="missing_budget_is_unknown_not_success" classname="highgrade::contracts" timestamp="2026-09-26T23:17:02.584+07:00" time="0.120"/>
        <testcase name="named_results_preserve_legacy_and_do_not_pick_ambiguous_values" classname="highgrade::contracts" timestamp="2026-09-26T23:17:02.640+07:00" time="0.104"/>
        <testcase name="missing_roles_duplicates_and_files_are_reported" classname="highgrade::contracts" timestamp="2026-09-26T23:17:02.613+07:00" time="0.130"/>
        <testcase name="new_area_is_unknown" classname="highgrade::contracts" timestamp="2026-09-26T23:17:02.645+07:00" time="0.115"/>
        <testcase name="package_hash_failure_writes_nothing" classname="highgrade::contracts" timestamp="2026-09-26T23:17:02.646+07:00" time="0.139"/>
        <testcase name="parent_scope_reads_child_documents" classname="highgrade::contracts" timestamp="2026-09-26T23:17:02.704+07:00" time="0.086"/>
        <testcase name="scenario_ids_in_headings_are_not_broken_markdown_links" classname="highgrade::contracts" timestamp="2026-09-26T23:17:02.744+07:00" time="0.083"/>
        <testcase name="source_inventory_is_case_sensitive_and_stable" classname="highgrade::contracts" timestamp="2026-09-26T23:17:02.769+07:00" time="0.059"/>
        <testcase name="complete_temp_can_resume_publication" classname="highgrade::contracts" timestamp="2026-09-26T23:17:02.097+07:00" time="0.731"/>
        <testcase name="scoped_inspection_selects_sources_and_reports_unmapped_scope" classname="highgrade::contracts" timestamp="2026-09-26T23:17:02.760+07:00" time="0.069"/>
        <testcase name="traversal_and_ads_are_rejected" classname="highgrade::contracts" timestamp="2026-09-26T23:17:02.789+07:00" time="0.056"/>
        <testcase name="task_checkboxes_and_inline_code_are_not_references" classname="highgrade::contracts" timestamp="2026-09-26T23:17:02.785+07:00" time="0.071"/>
        <testcase name="unresolved_reference_is_not_silent" classname="highgrade::contracts" timestamp="2026-09-26T23:17:02.827+07:00" time="0.049"/>
        <testcase name="valid_budget_history_passes" classname="highgrade::contracts" timestamp="2026-09-26T23:17:02.828+07:00" time="0.119"/>
        <testcase name="recovery_does_not_overwrite_foreign_edit" classname="highgrade::contracts" timestamp="2026-09-26T23:17:02.744+07:00" time="0.327"/>
        <testcase name="install_preserves_agents_and_repeats_without_duplicates" classname="highgrade::contracts" timestamp="2026-09-26T23:17:02.328+07:00" time="0.948"/>
        <testcase name="modified_installed_file_is_detected" classname="highgrade::contracts" timestamp="2026-09-26T23:17:02.632+07:00" time="0.688"/>
        <testcase name="cli_command_help_is_available_without_a_project" classname="highgrade::contracts" timestamp="2026-09-26T23:17:02.086+07:00" time="2.085"/>
        <testcase name="interruption_at_each_publication_boundary_resumes" classname="highgrade::contracts" timestamp="2026-09-26T23:17:02.404+07:00" time="2.910"/>
    </testsuite>
    <testsuite name="highgrade::global_contracts" tests="28" skipped="0" errors="0" failures="0">
        <testcase name="doctor_reports_unavailable_tool_without_claiming_version" classname="highgrade::global_contracts" timestamp="2026-09-26T23:17:02.828+07:00" time="0.075"/>
        <testcase name="global_update_rejects_manual_rollback_option" classname="highgrade::global_contracts" timestamp="2026-09-26T23:17:03.277+07:00" time="0.141"/>
        <testcase name="kit_manifest_uses_stable_lf_bytes" classname="highgrade::global_contracts" timestamp="2026-09-26T23:17:03.971+07:00" time="0.230"/>
        <testcase name="global_install_rejects_hash_and_foreign_router_without_activation" classname="highgrade::global_contracts" timestamp="2026-09-26T23:17:02.947+07:00" time="1.253"/>
        <testcase name="failed_stage_preserves_foreign_candidate_journal" classname="highgrade::global_contracts" timestamp="2026-09-26T23:17:02.877+07:00" time="4.056"/>
        <testcase name="global_install_does_not_touch_project_and_checks_adapter" classname="highgrade::global_contracts" timestamp="2026-09-26T23:17:02.904+07:00" time="4.381"/>
        <testcase name="interrupted_skill_update_recovers_without_overwriting_user_edit" classname="highgrade::global_contracts" timestamp="2026-09-26T23:17:03.418+07:00" time="3.981"/>
        <testcase name="shipped_tool_references_resolve_without_repository_files" classname="highgrade::global_contracts" timestamp="2026-09-26T23:17:07.285+07:00" time="0.309"/>
        <testcase name="installed_runtime_references_survive_removal_of_source_copy" classname="highgrade::global_contracts" timestamp="2026-09-26T23:17:03.320+07:00" time="4.746"/>
        <testcase name="supported_adapter_does_not_claim_semantic_readiness" classname="highgrade::global_contracts" timestamp="2026-09-26T23:17:08.066+07:00" time="0.149"/>
        <testcase name="planner_router_is_portable" classname="highgrade::global_contracts" timestamp="2026-09-26T23:17:05.314+07:00" time="3.569"/>
        <testcase name="unsupported_project_adapter_is_a_failure" classname="highgrade::global_contracts" timestamp="2026-09-26T23:17:08.883+07:00" time="0.164"/>
        <testcase name="shipped_registry_example_is_accepted_without_inventing_budgets" classname="highgrade::global_contracts" timestamp="2026-09-26T23:17:07.105+07:00" time="3.206"/>
        <testcase name="failed_candidate_stage_restores_changed_skill" classname="highgrade::global_contracts" timestamp="2026-09-26T23:17:02.830+07:00" time="7.503"/>
        <testcase name="locked_v026_router_is_inactive_after_switch" classname="highgrade::global_contracts" timestamp="2026-09-26T23:17:04.201+07:00" time="6.424"/>
        <testcase name="failed_forward_pointer_change_allows_a_different_candidate" classname="highgrade::global_contracts" timestamp="2026-09-26T23:17:02.846+07:00" time="7.788"/>
        <testcase name="nine_skill_release_upgrades_to_thematic_tool_references" classname="highgrade::global_contracts" timestamp="2026-09-26T23:17:04.201+07:00" time="7.000"/>
        <testcase name="failed_stage_does_not_leave_new_routers" classname="highgrade::global_contracts" timestamp="2026-09-26T23:17:02.857+07:00" time="9.446"/>
        <testcase name="global_update_preserves_project_adaptation_in_profile" classname="highgrade::global_contracts" timestamp="2026-09-26T23:17:03.071+07:00" time="9.348"/>
        <testcase name="planner_update_accepts_prior_eight_skill_release" classname="highgrade::global_contracts" timestamp="2026-09-26T23:17:06.933+07:00" time="7.638"/>
        <testcase name="six_skill_release_preserves_owned_crlf_routers" classname="highgrade::global_contracts" timestamp="2026-09-26T23:17:07.399+07:00" time="7.179"/>
        <testcase name="legacy_deploy_migrates_to_approve_push_and_cleans_old_release" classname="highgrade::global_contracts" timestamp="2026-09-26T23:17:04.171+07:00" time="11.317"/>
        <testcase name="thematic_tools_release_upgrades_to_fixer_materials" classname="highgrade::global_contracts" timestamp="2026-09-26T23:17:08.215+07:00" time="7.350"/>
        <testcase name="global_update_preview_switch_and_cleanup_keep_unrelated_files" classname="highgrade::global_contracts" timestamp="2026-09-26T23:17:03.123+07:00" time="12.680"/>
        <testcase name="six_skill_release_updates_to_approve_push_and_cleans_old_release" classname="highgrade::global_contracts" timestamp="2026-09-26T23:17:07.593+07:00" time="8.231"/>
        <testcase name="v026_deploy_migrates_to_two_routes_and_removes_old_release" classname="highgrade::global_contracts" timestamp="2026-09-26T23:17:10.297+07:00" time="6.311"/>
        <testcase name="update_replaces_owned_skill_and_preserves_user_edit" classname="highgrade::global_contracts" timestamp="2026-09-26T23:17:09.429+07:00" time="9.517"/>
        <testcase name="update_preserves_foreign_file_in_old_release" classname="highgrade::global_contracts" timestamp="2026-09-26T23:17:09.048+07:00" time="12.187"/>
    </testsuite>
    <testsuite name="highgrade::issue_contracts" tests="6" skipped="0" errors="0" failures="0">
        <testcase name="foreign_catalog_versions_and_unsafe_recovery_are_rejected" classname="highgrade::issue_contracts" timestamp="2026-09-26T23:17:10.311+07:00" time="0.152"/>
        <testcase name="interrupted_issue_transaction_requires_explicit_safe_recovery" classname="highgrade::issue_contracts" timestamp="2026-09-26T23:17:10.333+07:00" time="0.300"/>
        <testcase name="issue_catalog_search_and_read_never_execute_recipes" classname="highgrade::issue_contracts" timestamp="2026-09-26T23:17:10.625+07:00" time="0.219"/>
        <testcase name="issue_evidence_rejects_case_variants_of_owned_paths" classname="highgrade::issue_contracts" timestamp="2026-09-26T23:17:10.634+07:00" time="0.226"/>
        <testcase name="invalid_edits_and_concurrent_writers_leave_whole_catalog" classname="highgrade::issue_contracts" timestamp="2026-09-26T23:17:10.462+07:00" time="0.397"/>
        <testcase name="occurrence_receipts_are_idempotent_and_verification_is_material" classname="highgrade::issue_contracts" timestamp="2026-09-26T23:17:10.634+07:00" time="0.881"/>
    </testsuite>
    <testsuite name="highgrade::package_contracts" tests="7" skipped="0" errors="0" failures="0">
        <testcase name="bundled_skill_frontmatter_uses_safe_scalars" classname="highgrade::package_contracts" timestamp="2026-09-26T23:17:10.844+07:00" time="0.168"/>
        <testcase name="full_install_rejects_pending_audit_and_foreign_skill" classname="highgrade::package_contracts" timestamp="2026-09-26T23:17:11.012+07:00" time="0.499"/>
        <testcase name="full_install_keeps_project_files_and_repeats" classname="highgrade::package_contracts" timestamp="2026-09-26T23:17:10.860+07:00" time="1.344"/>
        <testcase name="project_exclusions_require_an_explicit_reason_and_fresh_audit" classname="highgrade::package_contracts" timestamp="2026-09-26T23:17:11.201+07:00" time="1.070"/>
        <testcase name="candidate_conflict_never_changes_active_release" classname="highgrade::package_contracts" timestamp="2026-09-26T23:17:10.860+07:00" time="2.511"/>
        <testcase name="update_rejects_manifest_cli_version_mismatch" classname="highgrade::package_contracts" timestamp="2026-09-26T23:17:11.511+07:00" time="3.085"/>
        <testcase name="update_requires_fresh_explicit_decision_and_preserves_adaptation" classname="highgrade::package_contracts" timestamp="2026-09-26T23:17:11.515+07:00" time="9.389"/>
    </testsuite>
    <testsuite name="highgrade::spec_contracts" tests="18" skipped="0" errors="0" failures="0">
        <testcase name="drafts_are_readable_but_unknown_versions_and_fields_never_write" classname="highgrade::spec_contracts" timestamp="2026-09-26T23:17:12.304+07:00" time="0.180"/>
        <testcase name="competing_processes_and_failed_replace_preserve_whole_store" classname="highgrade::spec_contracts" timestamp="2026-09-26T23:17:12.272+07:00" time="0.292"/>
        <testcase name="automatic_numbers_survive_abandon_failure_and_competing_cli_writers" classname="highgrade::spec_contracts" timestamp="2026-09-26T23:17:12.204+07:00" time="0.481"/>
        <testcase name="evidence_and_review_go_stale_without_losing_unaffected_observations" classname="highgrade::spec_contracts" timestamp="2026-09-26T23:17:12.484+07:00" time="0.381"/>
        <testcase name="equivalent_evidence_refresh_preserves_decision_but_changed_observation_does_not" classname="highgrade::spec_contracts" timestamp="2026-09-26T23:17:12.419+07:00" time="0.506"/>
        <testcase name="human_history_is_atomic_protected_and_bound_to_spec_and_implementation" classname="highgrade::spec_contracts" timestamp="2026-09-26T23:17:12.564+07:00" time="1.072"/>
        <testcase name="native_doctor_does_not_require_openspec_or_execute_external_tools" classname="highgrade::spec_contracts" timestamp="2026-09-26T23:17:13.371+07:00" time="0.264"/>
        <testcase name="json_progress_rejects_missing_skipped_unknown_and_negative_review" classname="highgrade::spec_contracts" timestamp="2026-09-26T23:17:12.926+07:00" time="0.803"/>
        <testcase name="integration_rejects_stale_base_and_requires_removal_reason" classname="highgrade::spec_contracts" timestamp="2026-09-26T23:17:12.686+07:00" time="1.148"/>
        <testcase name="negative_review_and_sibling_scenario_regressions" classname="highgrade::spec_contracts" timestamp="2026-09-26T23:17:13.635+07:00" time="0.280"/>
        <testcase name="isolated_three_spec_lifecycle_keeps_exact_decisions_and_pending_work" classname="highgrade::spec_contracts" timestamp="2026-09-26T23:17:12.864+07:00" time="1.132"/>
        <testcase name="report_that_is_also_an_input_never_hides_changed_implementation" classname="highgrade::spec_contracts" timestamp="2026-09-26T23:17:13.729+07:00" time="0.321"/>
        <testcase name="reviewed_contract_transfer_preserves_unverified_status_and_rejects_bad_inputs" classname="highgrade::spec_contracts" timestamp="2026-09-26T23:17:13.915+07:00" time="0.436"/>
        <testcase name="returned_integrated_spec_is_corrected_by_a_new_change_without_rewriting_history" classname="highgrade::spec_contracts" timestamp="2026-09-26T23:17:13.834+07:00" time="0.696"/>
        <testcase name="selected_import_retains_source_and_leaves_other_legacy_requirements" classname="highgrade::spec_contracts" timestamp="2026-09-26T23:17:14.050+07:00" time="0.503"/>
        <testcase name="reviewed_import_transfer_works_with_directory_catalog" classname="highgrade::spec_contracts" timestamp="2026-09-26T23:17:13.996+07:00" time="0.582"/>
        <testcase name="v1_migration_preserves_exact_backup_ids_evidence_and_review_digest" classname="highgrade::spec_contracts" timestamp="2026-09-26T23:17:14.351+07:00" time="0.361"/>
        <testcase name="read_payload_and_cas_always_describe_the_same_snapshot" classname="highgrade::spec_contracts" timestamp="2026-09-26T23:17:13.635+07:00" time="1.778"/>
    </testsuite>
    <testsuite name="highgrade::survey_contracts" tests="14" skipped="0" errors="0" failures="0">
        <testcase name="structural_inventory_keeps_configuration_and_never_hashes_large_or_secret_files" classname="highgrade::survey_contracts" timestamp="2026-09-26T23:17:14.596+07:00" time="0.155"/>
        <testcase name="explicit_decision_plan_block_is_not_lost" classname="highgrade::survey_contracts" timestamp="2026-09-26T23:17:14.571+07:00" time="0.180"/>
        <testcase name="negative_review_is_current_but_does_not_allow_transition" classname="highgrade::survey_contracts" timestamp="2026-09-26T23:17:14.579+07:00" time="0.185"/>
        <testcase name="adapting_edits_keep_stage_and_invalidate_review_without_rewind" classname="highgrade::survey_contracts" timestamp="2026-09-26T23:17:14.530+07:00" time="0.278"/>
        <testcase name="plan_preserves_action_blockers_without_granting_permission" classname="highgrade::survey_contracts" timestamp="2026-09-26T23:17:14.579+07:00" time="0.291"/>
        <testcase name="survey_markdown_preserves_meaning_without_debug_or_empty_labels" classname="highgrade::survey_contracts" timestamp="2026-09-26T23:17:14.764+07:00" time="0.153"/>
        <testcase name="survey_help_exposes_its_own_schema_and_required_arguments" classname="highgrade::survey_contracts" timestamp="2026-09-26T23:17:14.751+07:00" time="0.219"/>
        <testcase name="survey_cas_invalid_inputs_and_lock_leave_document_unchanged" classname="highgrade::survey_contracts" timestamp="2026-09-26T23:17:14.751+07:00" time="0.238"/>
        <testcase name="survey_starts_without_specs_and_reading_never_executes_or_writes" classname="highgrade::survey_contracts" timestamp="2026-09-26T23:17:14.870+07:00" time="0.151"/>
        <testcase name="survey_tracks_only_selected_sources_and_preserves_completed_history" classname="highgrade::survey_contracts" timestamp="2026-09-26T23:17:14.917+07:00" time="0.219"/>
        <testcase name="unresolved_decision_and_dependent_findings_do_not_become_ready" classname="highgrade::survey_contracts" timestamp="2026-09-26T23:17:14.971+07:00" time="0.230"/>
        <testcase name="survey_refuses_junctions_and_preserves_outside_sentinel" classname="highgrade::survey_contracts" timestamp="2026-09-26T23:17:14.809+07:00" time="1.054"/>
        <testcase name="survey_assets_and_schema_work_from_installed_release" classname="highgrade::survey_contracts" timestamp="2026-09-26T23:17:14.713+07:00" time="2.647"/>
        <testcase name="discovery_limits_and_missing_sources_are_explicitly_incomplete" classname="highgrade::survey_contracts" timestamp="2026-09-26T23:17:14.553+07:00" time="3.085"/>
    </testsuite>
    <testsuite name="highgrade::temp_contracts" tests="1" skipped="0" errors="0" failures="0">
        <testcase name="test_dir_cleans_after_panic_and_keeps_foreign_directory" classname="highgrade::temp_contracts" timestamp="2026-09-26T23:17:14.989+07:00" time="0.092"/>
    </testsuite>
    <testsuite name="highgrade::trace_contracts" tests="10" skipped="0" errors="0" failures="0">
        <testcase name="active_modified_requirement_replaces_base_for_trace" classname="highgrade::trace_contracts" timestamp="2026-09-26T23:17:15.021+07:00" time="0.114"/>
        <testcase name="duplicate_and_unknown_scenario_ids_do_not_pass" classname="highgrade::trace_contracts" timestamp="2026-09-26T23:17:15.136+07:00" time="0.106"/>
        <testcase name="automatic_trace_keeps_scope_and_outcomes_distinct" classname="highgrade::trace_contracts" timestamp="2026-09-26T23:17:15.082+07:00" time="0.228"/>
        <testcase name="native_reports_remain_readable_after_checkout_moves" classname="highgrade::trace_contracts" timestamp="2026-09-26T23:17:15.201+07:00" time="0.193"/>
        <testcase name="native_owner_replaces_only_imported_markdown_and_ignores_evidence_metadata" classname="highgrade::trace_contracts" timestamp="2026-09-26T23:17:15.136+07:00" time="0.258"/>
        <testcase name="playwright_resolves_source_relative_to_report_root" classname="highgrade::trace_contracts" timestamp="2026-09-26T23:17:15.242+07:00" time="0.172"/>
        <testcase name="rust_requires_real_listed_passing_result" classname="highgrade::trace_contracts" timestamp="2026-09-26T23:17:15.394+07:00" time="0.127"/>
        <testcase name="playwright_uses_annotation_and_result_not_just_link" classname="highgrade::trace_contracts" timestamp="2026-09-26T23:17:15.309+07:00" time="0.241"/>
        <testcase name="reviewed_transfer_trace_selects_one_owner_and_preserves_neighbor" classname="highgrade::trace_contracts" timestamp="2026-09-26T23:17:15.394+07:00" time="0.352"/>
        <testcase name="rust_skip_failure_unknown_and_empty_are_unconfirmed" classname="highgrade::trace_contracts" timestamp="2026-09-26T23:17:15.414+07:00" time="0.379"/>
    </testsuite>
</testsuites>
