<?xml version="1.0" encoding="UTF-8"?>
<testsuites name="nextest-run" tests="144" skipped="0" failures="0" errors="0" uuid="c623ed3f-1f3c-4304-99bb-28d2f6ddfa62" timestamp="2026-09-26T17:04:07.630+07:00" time="16.238">
    <testsuite name="highgrade" tests="1" skipped="0" errors="0" failures="0">
        <testcase name="trace::id_tests::accepts_project_ids_and_rejects_malformed_ids" classname="highgrade" timestamp="2026-09-26T17:04:07.630+07:00" time="0.020"/>
    </testsuite>
    <testsuite name="highgrade::bootstrap_contracts" tests="18" skipped="0" errors="0" failures="0">
        <testcase name="bootstrap_distinguishes_adaptation_from_technical_failure" classname="highgrade::bootstrap_contracts" timestamp="2026-09-26T17:04:07.630+07:00" time="0.028"/>
        <testcase name="bootstrap_does_not_read_excluded_sources_or_offer_excluded_link_targets" classname="highgrade::bootstrap_contracts" timestamp="2026-09-26T17:04:07.630+07:00" time="0.050"/>
        <testcase name="complete_project_still_reports_missing_navigation_without_candidate_walk" classname="highgrade::bootstrap_contracts" timestamp="2026-09-26T17:04:07.630+07:00" time="0.056"/>
        <testcase name="bootstrap_reports_all_slots_before_registry_exists" classname="highgrade::bootstrap_contracts" timestamp="2026-09-26T17:04:07.630+07:00" time="0.062"/>
        <testcase name="canonical_project_has_separate_path_and_link_evidence" classname="highgrade::bootstrap_contracts" timestamp="2026-09-26T17:04:07.630+07:00" time="0.069"/>
        <testcase name="bundled_templates_match_the_canonical_bootstrap_contract" classname="highgrade::bootstrap_contracts" timestamp="2026-09-26T17:04:07.630+07:00" time="0.077"/>
        <testcase name="complete_project_still_checks_exclusion_input_without_walking_tree" classname="highgrade::bootstrap_contracts" timestamp="2026-09-26T17:04:07.630+07:00" time="0.099"/>
        <testcase name="candidate_and_input_limits_keep_partial_evidence" classname="highgrade::bootstrap_contracts" timestamp="2026-09-26T17:04:07.630+07:00" time="0.106"/>
        <testcase name="alternative_name_is_candidate_but_never_accepted_as_role" classname="highgrade::bootstrap_contracts" timestamp="2026-09-26T17:04:07.630+07:00" time="0.109"/>
        <testcase name="bootstrap_skips_generated_skill_outputs" classname="highgrade::bootstrap_contracts" timestamp="2026-09-26T17:04:07.630+07:00" time="0.118"/>
        <testcase name="cli_accepts_bootstrap_without_registry_and_rejects_map_and_conflicts" classname="highgrade::bootstrap_contracts" timestamp="2026-09-26T17:04:07.630+07:00" time="0.121"/>
        <testcase name="connected_project_uses_registered_existing_path" classname="highgrade::bootstrap_contracts" timestamp="2026-09-26T17:04:07.630+07:00" time="0.126"/>
        <testcase name="migrated_architecture_with_old_readme_link_is_reported" classname="highgrade::bootstrap_contracts" timestamp="2026-09-26T17:04:07.658+07:00" time="0.109"/>
        <testcase name="exclusions_are_safe_and_bad_registry_does_not_hide_candidates" classname="highgrade::bootstrap_contracts" timestamp="2026-09-26T17:04:07.651+07:00" time="0.122"/>
        <testcase name="combined_roles_are_counted_once_and_invalid_assignments_fail" classname="highgrade::bootstrap_contracts" timestamp="2026-09-26T17:04:07.630+07:00" time="0.153"/>
        <testcase name="missing_link_is_distinct_from_missing_file_and_registry_path_mismatch" classname="highgrade::bootstrap_contracts" timestamp="2026-09-26T17:04:07.680+07:00" time="0.106"/>
        <testcase name="bootstrap_reports_multiple_unvisited_locations_with_a_count" classname="highgrade::bootstrap_contracts" timestamp="2026-09-26T17:04:07.630+07:00" time="0.663"/>
        <testcase name="bootstrap_skips_junction_and_matches_exclusion_case" classname="highgrade::bootstrap_contracts" timestamp="2026-09-26T17:04:07.630+07:00" time="0.797"/>
    </testsuite>
    <testsuite name="highgrade::catalog_contracts" tests="32" skipped="0" errors="0" failures="0">
        <testcase name="foreign_directory_and_unknown_fields_are_not_adopted" classname="highgrade::catalog_contracts" timestamp="2026-09-26T17:04:07.783+07:00" time="0.141"/>
        <testcase name="foreign_structured_files_are_not_deleted" classname="highgrade::catalog_contracts" timestamp="2026-09-26T17:04:07.786+07:00" time="0.145"/>
        <testcase name="compact_catalog_accepts_empty_changes_and_new_changes" classname="highgrade::catalog_contracts" timestamp="2026-09-26T17:04:07.707+07:00" time="0.246"/>
        <testcase name="compact_views_and_atomic_edit_protect_results_and_cas" classname="highgrade::catalog_contracts" timestamp="2026-09-26T17:04:07.739+07:00" time="0.269"/>
        <testcase name="explicit_migration_preserves_all_data_and_detects_legacy_writer" classname="highgrade::catalog_contracts" timestamp="2026-09-26T17:04:07.767+07:00" time="0.265"/>
        <testcase name="action_diagnostics_check_runner_without_execution" classname="highgrade::catalog_contracts" timestamp="2026-09-26T17:04:07.686+07:00" time="0.376"/>
        <testcase name="evidence_batch_is_atomic_and_exact_repeat_is_noop" classname="highgrade::catalog_contracts" timestamp="2026-09-26T17:04:07.751+07:00" time="0.343"/>
        <testcase name="malformed_recovery_never_unblocks_catalog" classname="highgrade::catalog_contracts" timestamp="2026-09-26T17:04:08.009+07:00" time="0.144"/>
        <testcase name="interrupted_transaction_refuses_reads_and_recovers_only_observed_targets" classname="highgrade::catalog_contracts" timestamp="2026-09-26T17:04:07.931+07:00" time="0.264"/>
        <testcase name="recovery_cannot_delete_a_required_specification" classname="highgrade::catalog_contracts" timestamp="2026-09-26T17:04:08.153+07:00" time="0.210"/>
        <testcase name="recovery_reconstructs_partial_staging_and_missing_first_document" classname="highgrade::catalog_contracts" timestamp="2026-09-26T17:04:08.197+07:00" time="0.279"/>
        <testcase name="explicit_links_reject_missing_cycles_and_do_not_inherit_content" classname="highgrade::catalog_contracts" timestamp="2026-09-26T17:04:07.756+07:00" time="0.741"/>
        <testcase name="project_catalog_survives_service_removal_and_preserves_siblings" classname="highgrade::catalog_contracts" timestamp="2026-09-26T17:04:08.095+07:00" time="0.417"/>
        <testcase name="local_edit_rejects_dependency_runner_drift" classname="highgrade::catalog_contracts" timestamp="2026-09-26T17:04:07.953+07:00" time="0.610"/>
        <testcase name="selected_directory_is_project_owned_and_self_contained" classname="highgrade::catalog_contracts" timestamp="2026-09-26T17:04:08.363+07:00" time="0.258"/>
        <testcase name="integrated_recheck_retains_history_and_invalidates_old_acceptance" classname="highgrade::catalog_contracts" timestamp="2026-09-26T17:04:07.925+07:00" time="0.752"/>
        <testcase name="selected_list_and_local_edit_preserve_independent_work" classname="highgrade::catalog_contracts" timestamp="2026-09-26T17:04:08.427+07:00" time="0.404"/>
        <testcase name="native_report_import_reuses_suite_and_rejects_stale_or_missing_results" classname="highgrade::catalog_contracts" timestamp="2026-09-26T17:04:08.062+07:00" time="0.833"/>
        <testcase name="two_catalog_writers_cannot_allocate_the_same_number" classname="highgrade::catalog_contracts" timestamp="2026-09-26T17:04:08.677+07:00" time="0.302"/>
        <testcase name="spec_check_brief_reports_affected_inputs" classname="highgrade::catalog_contracts" timestamp="2026-09-26T17:04:08.497+07:00" time="0.519"/>
        <testcase name="equivalent_native_runs_keep_material_revision_and_append_history" classname="highgrade::catalog_contracts" timestamp="2026-09-26T17:04:07.748+07:00" time="1.274"/>
        <testcase name="spec_check_brief_returns_stable_handoff" classname="highgrade::catalog_contracts" timestamp="2026-09-26T17:04:08.564+07:00" time="0.481"/>
        <testcase name="spec_check_brief_reports_stale_run" classname="highgrade::catalog_contracts" timestamp="2026-09-26T17:04:08.512+07:00" time="0.612"/>
        <testcase name="compact_transaction_limit_and_recovery_preserve_catalog" classname="highgrade::catalog_contracts" timestamp="2026-09-26T17:04:07.736+07:00" time="1.475"/>
        <testcase name="shared_inputs_track_content_and_membership" classname="highgrade::catalog_contracts" timestamp="2026-09-26T17:04:08.475+07:00" time="0.903"/>
        <testcase name="batch_failure_keeps_prior_results_and_each_scenario_owns_its_report" classname="highgrade::catalog_contracts" timestamp="2026-09-26T17:04:07.692+07:00" time="1.721"/>
        <testcase name="multiple_checks_cannot_hide_failed_sibling_and_manual_is_explicit" classname="highgrade::catalog_contracts" timestamp="2026-09-26T17:04:08.033+07:00" time="1.546"/>
        <testcase name="compact_history_preserves_observations_and_rejects_corruption" classname="highgrade::catalog_contracts" timestamp="2026-09-26T17:04:07.729+07:00" time="2.034"/>
        <testcase name="tags_merge_atomically_and_filters_keep_dependencies_discoverable" classname="highgrade::catalog_contracts" timestamp="2026-09-26T17:04:08.622+07:00" time="1.380"/>
        <testcase name="cargo_runner_requires_a_real_exact_test" classname="highgrade::catalog_contracts" timestamp="2026-09-26T17:04:07.699+07:00" time="2.409"/>
        <testcase name="run_statistics_track_attempts_without_execution" classname="highgrade::catalog_contracts" timestamp="2026-09-26T17:04:08.294+07:00" time="2.808"/>
        <testcase name="explicit_runner_records_real_pass_fail_skip_empty_timeout_and_drift" classname="highgrade::catalog_contracts" timestamp="2026-09-26T17:04:07.773+07:00" time="7.188"/>
    </testsuite>
    <testsuite name="highgrade::contracts" tests="32" skipped="0" errors="0" failures="0">
        <testcase name="broken_links_and_anchors_are_failures" classname="highgrade::contracts" timestamp="2026-09-26T17:04:08.831+07:00" time="0.083"/>
        <testcase name="budget_history_cannot_skip_or_exceed_ceiling" classname="highgrade::contracts" timestamp="2026-09-26T17:04:08.896+07:00" time="0.132"/>
        <testcase name="colocated_document_does_not_cover_its_parent" classname="highgrade::contracts" timestamp="2026-09-26T17:04:09.017+07:00" time="0.071"/>
        <testcase name="cli_errors_keep_the_report_contract" classname="highgrade::contracts" timestamp="2026-09-26T17:04:08.979+07:00" time="0.136"/>
        <testcase name="default_inspect_uses_only_highgrade_registry" classname="highgrade::contracts" timestamp="2026-09-26T17:04:09.045+07:00" time="0.080"/>
        <testcase name="entry_does_not_hide_unmapped_sibling" classname="highgrade::contracts" timestamp="2026-09-26T17:04:09.088+07:00" time="0.057"/>
        <testcase name="exceeding_agreed_budget_warns_without_raising_it" classname="highgrade::contracts" timestamp="2026-09-26T17:04:09.116+07:00" time="0.055"/>
        <testcase name="install_rejects_stale_audit" classname="highgrade::contracts" timestamp="2026-09-26T17:04:09.146+07:00" time="0.068"/>
        <testcase name="conflicting_skill_is_not_adopted_even_if_equal" classname="highgrade::contracts" timestamp="2026-09-26T17:04:09.028+07:00" time="0.196"/>
        <testcase name="install_requires_audit_before_writes" classname="highgrade::contracts" timestamp="2026-09-26T17:04:09.171+07:00" time="0.057"/>
        <testcase name="links_support_reference_unicode_parent_and_code_exclusion" classname="highgrade::contracts" timestamp="2026-09-26T17:04:09.224+07:00" time="0.090"/>
        <testcase name="junction_is_not_followed" classname="highgrade::contracts" timestamp="2026-09-26T17:04:09.214+07:00" time="0.102"/>
        <testcase name="measures_utf8_crlf_and_does_not_modify_inputs" classname="highgrade::contracts" timestamp="2026-09-26T17:04:09.228+07:00" time="0.123"/>
        <testcase name="missing_roles_duplicates_and_files_are_reported" classname="highgrade::contracts" timestamp="2026-09-26T17:04:09.316+07:00" time="0.106"/>
        <testcase name="missing_budget_is_unknown_not_success" classname="highgrade::contracts" timestamp="2026-09-26T17:04:09.313+07:00" time="0.122"/>
        <testcase name="incomplete_temp_is_preserved_and_not_activated" classname="highgrade::contracts" timestamp="2026-09-26T17:04:09.123+07:00" time="0.321"/>
        <testcase name="new_area_is_unknown" classname="highgrade::contracts" timestamp="2026-09-26T17:04:09.378+07:00" time="0.079"/>
        <testcase name="parent_scope_reads_child_documents" classname="highgrade::contracts" timestamp="2026-09-26T17:04:09.423+07:00" time="0.097"/>
        <testcase name="package_hash_failure_writes_nothing" classname="highgrade::contracts" timestamp="2026-09-26T17:04:09.413+07:00" time="0.119"/>
        <testcase name="scoped_inspection_selects_sources_and_reports_unmapped_scope" classname="highgrade::contracts" timestamp="2026-09-26T17:04:09.458+07:00" time="0.109"/>
        <testcase name="scenario_ids_in_headings_are_not_broken_markdown_links" classname="highgrade::contracts" timestamp="2026-09-26T17:04:09.445+07:00" time="0.129"/>
        <testcase name="traversal_and_ads_are_rejected" classname="highgrade::contracts" timestamp="2026-09-26T17:04:09.566+07:00" time="0.042"/>
        <testcase name="task_checkboxes_and_inline_code_are_not_references" classname="highgrade::contracts" timestamp="2026-09-26T17:04:09.532+07:00" time="0.079"/>
        <testcase name="source_inventory_is_case_sensitive_and_stable" classname="highgrade::contracts" timestamp="2026-09-26T17:04:09.520+07:00" time="0.092"/>
        <testcase name="unresolved_reference_is_not_silent" classname="highgrade::contracts" timestamp="2026-09-26T17:04:09.573+07:00" time="0.063"/>
        <testcase name="valid_budget_history_passes" classname="highgrade::contracts" timestamp="2026-09-26T17:04:09.578+07:00" time="0.065"/>
        <testcase name="complete_temp_can_resume_publication" classname="highgrade::contracts" timestamp="2026-09-26T17:04:09.022+07:00" time="0.758"/>
        <testcase name="recovery_does_not_overwrite_foreign_edit" classname="highgrade::contracts" timestamp="2026-09-26T17:04:09.436+07:00" time="0.370"/>
        <testcase name="modified_installed_file_is_detected" classname="highgrade::contracts" timestamp="2026-09-26T17:04:09.352+07:00" time="0.606"/>
        <testcase name="install_preserves_agents_and_repeats_without_duplicates" classname="highgrade::contracts" timestamp="2026-09-26T17:04:09.124+07:00" time="0.854"/>
        <testcase name="cli_command_help_is_available_without_a_project" classname="highgrade::contracts" timestamp="2026-09-26T17:04:08.914+07:00" time="1.223"/>
        <testcase name="interruption_at_each_publication_boundary_resumes" classname="highgrade::contracts" timestamp="2026-09-26T17:04:09.211+07:00" time="2.794"/>
    </testsuite>
    <testsuite name="highgrade::global_contracts" tests="25" skipped="0" errors="0" failures="0">
        <testcase name="doctor_reports_unavailable_tool_without_claiming_version" classname="highgrade::global_contracts" timestamp="2026-09-26T17:04:09.608+07:00" time="0.077"/>
        <testcase name="global_update_rejects_manual_rollback_option" classname="highgrade::global_contracts" timestamp="2026-09-26T17:04:09.960+07:00" time="0.169"/>
        <testcase name="kit_manifest_uses_stable_lf_bytes" classname="highgrade::global_contracts" timestamp="2026-09-26T17:04:10.108+07:00" time="0.047"/>
        <testcase name="global_install_rejects_hash_and_foreign_router_without_activation" classname="highgrade::global_contracts" timestamp="2026-09-26T17:04:09.763+07:00" time="1.074"/>
        <testcase name="failed_stage_preserves_foreign_candidate_journal" classname="highgrade::global_contracts" timestamp="2026-09-26T17:04:09.644+07:00" time="3.465"/>
        <testcase name="interrupted_skill_update_recovers_without_overwriting_user_edit" classname="highgrade::global_contracts" timestamp="2026-09-26T17:04:10.002+07:00" time="3.409"/>
        <testcase name="supported_adapter_does_not_claim_semantic_readiness" classname="highgrade::global_contracts" timestamp="2026-09-26T17:04:13.411+07:00" time="0.156"/>
        <testcase name="unsupported_project_adapter_is_a_failure" classname="highgrade::global_contracts" timestamp="2026-09-26T17:04:13.568+07:00" time="0.075"/>
        <testcase name="planner_router_is_portable" classname="highgrade::global_contracts" timestamp="2026-09-26T17:04:10.155+07:00" time="3.568"/>
        <testcase name="installed_runtime_references_survive_removal_of_source_copy" classname="highgrade::global_contracts" timestamp="2026-09-26T17:04:09.979+07:00" time="3.792"/>
        <testcase name="shipped_registry_example_is_accepted_without_inventing_budgets" classname="highgrade::global_contracts" timestamp="2026-09-26T17:04:11.102+07:00" time="2.746"/>
        <testcase name="global_install_does_not_touch_project_and_checks_adapter" classname="highgrade::global_contracts" timestamp="2026-09-26T17:04:09.686+07:00" time="4.665"/>
        <testcase name="locked_v026_router_is_inactive_after_switch" classname="highgrade::global_contracts" timestamp="2026-09-26T17:04:10.137+07:00" time="6.127"/>
        <testcase name="failed_candidate_stage_restores_changed_skill" classname="highgrade::global_contracts" timestamp="2026-09-26T17:04:09.611+07:00" time="6.788"/>
        <testcase name="failed_forward_pointer_change_allows_a_different_candidate" classname="highgrade::global_contracts" timestamp="2026-09-26T17:04:09.612+07:00" time="7.088"/>
        <testcase name="planner_update_accepts_prior_eight_skill_release" classname="highgrade::global_contracts" timestamp="2026-09-26T17:04:10.838+07:00" time="6.199"/>
        <testcase name="failed_stage_does_not_leave_new_routers" classname="highgrade::global_contracts" timestamp="2026-09-26T17:04:09.637+07:00" time="8.075"/>
        <testcase name="global_update_preserves_project_adaptation_in_profile" classname="highgrade::global_contracts" timestamp="2026-09-26T17:04:09.780+07:00" time="8.200"/>
        <testcase name="six_skill_release_preserves_owned_crlf_routers" classname="highgrade::global_contracts" timestamp="2026-09-26T17:04:12.005+07:00" time="6.370"/>
        <testcase name="legacy_deploy_migrates_to_approve_push_and_cleans_old_release" classname="highgrade::global_contracts" timestamp="2026-09-26T17:04:10.130+07:00" time="9.002"/>
        <testcase name="v026_deploy_migrates_to_two_routes_and_removes_old_release" classname="highgrade::global_contracts" timestamp="2026-09-26T17:04:13.771+07:00" time="5.375"/>
        <testcase name="six_skill_release_updates_to_approve_push_and_cleans_old_release" classname="highgrade::global_contracts" timestamp="2026-09-26T17:04:13.109+07:00" time="6.289"/>
        <testcase name="global_update_preview_switch_and_cleanup_keep_unrelated_files" classname="highgrade::global_contracts" timestamp="2026-09-26T17:04:09.806+07:00" time="9.843"/>
        <testcase name="update_replaces_owned_skill_and_preserves_user_edit" classname="highgrade::global_contracts" timestamp="2026-09-26T17:04:13.724+07:00" time="7.105"/>
        <testcase name="update_preserves_foreign_file_in_old_release" classname="highgrade::global_contracts" timestamp="2026-09-26T17:04:13.643+07:00" time="10.224"/>
    </testsuite>
    <testsuite name="highgrade::package_contracts" tests="7" skipped="0" errors="0" failures="0">
        <testcase name="bundled_skill_frontmatter_uses_safe_scalars" classname="highgrade::package_contracts" timestamp="2026-09-26T17:04:13.848+07:00" time="0.249"/>
        <testcase name="full_install_rejects_pending_audit_and_foreign_skill" classname="highgrade::package_contracts" timestamp="2026-09-26T17:04:14.961+07:00" time="0.680"/>
        <testcase name="full_install_keeps_project_files_and_repeats" classname="highgrade::package_contracts" timestamp="2026-09-26T17:04:14.351+07:00" time="1.439"/>
        <testcase name="candidate_conflict_never_changes_active_release" classname="highgrade::package_contracts" timestamp="2026-09-26T17:04:14.098+07:00" time="2.336"/>
        <testcase name="project_exclusions_require_an_explicit_reason_and_fresh_audit" classname="highgrade::package_contracts" timestamp="2026-09-26T17:04:15.642+07:00" time="0.929"/>
        <testcase name="update_rejects_manifest_cli_version_mismatch" classname="highgrade::package_contracts" timestamp="2026-09-26T17:04:15.790+07:00" time="2.654"/>
        <testcase name="update_requires_fresh_explicit_decision_and_preserves_adaptation" classname="highgrade::package_contracts" timestamp="2026-09-26T17:04:16.264+07:00" time="7.424"/>
    </testsuite>
    <testsuite name="highgrade::spec_contracts" tests="18" skipped="0" errors="0" failures="0">
        <testcase name="competing_processes_and_failed_replace_preserve_whole_store" classname="highgrade::spec_contracts" timestamp="2026-09-26T17:04:16.433+07:00" time="0.166"/>
        <testcase name="automatic_numbers_survive_abandon_failure_and_competing_cli_writers" classname="highgrade::spec_contracts" timestamp="2026-09-26T17:04:16.399+07:00" time="0.301"/>
        <testcase name="drafts_are_readable_but_unknown_versions_and_fields_never_write" classname="highgrade::spec_contracts" timestamp="2026-09-26T17:04:16.571+07:00" time="0.150"/>
        <testcase name="equivalent_evidence_refresh_preserves_decision_but_changed_observation_does_not" classname="highgrade::spec_contracts" timestamp="2026-09-26T17:04:16.600+07:00" time="0.338"/>
        <testcase name="evidence_and_review_go_stale_without_losing_unaffected_observations" classname="highgrade::spec_contracts" timestamp="2026-09-26T17:04:16.700+07:00" time="0.260"/>
        <testcase name="human_history_is_atomic_protected_and_bound_to_spec_and_implementation" classname="highgrade::spec_contracts" timestamp="2026-09-26T17:04:16.700+07:00" time="0.474"/>
        <testcase name="native_doctor_does_not_require_openspec_or_execute_external_tools" classname="highgrade::spec_contracts" timestamp="2026-09-26T17:04:17.037+07:00" time="0.176"/>
        <testcase name="integration_rejects_stale_base_and_requires_removal_reason" classname="highgrade::spec_contracts" timestamp="2026-09-26T17:04:16.721+07:00" time="0.706"/>
        <testcase name="json_progress_rejects_missing_skipped_unknown_and_negative_review" classname="highgrade::spec_contracts" timestamp="2026-09-26T17:04:16.960+07:00" time="0.552"/>
        <testcase name="negative_review_and_sibling_scenario_regressions" classname="highgrade::spec_contracts" timestamp="2026-09-26T17:04:17.174+07:00" time="0.381"/>
        <testcase name="report_that_is_also_an_input_never_hides_changed_implementation" classname="highgrade::spec_contracts" timestamp="2026-09-26T17:04:17.427+07:00" time="0.326"/>
        <testcase name="reviewed_contract_transfer_preserves_unverified_status_and_rejects_bad_inputs" classname="highgrade::spec_contracts" timestamp="2026-09-26T17:04:17.555+07:00" time="0.395"/>
        <testcase name="isolated_three_spec_lifecycle_keeps_exact_decisions_and_pending_work" classname="highgrade::spec_contracts" timestamp="2026-09-26T17:04:16.938+07:00" time="1.035"/>
        <testcase name="returned_integrated_spec_is_corrected_by_a_new_change_without_rewriting_history" classname="highgrade::spec_contracts" timestamp="2026-09-26T17:04:17.512+07:00" time="0.473"/>
        <testcase name="selected_import_retains_source_and_leaves_other_legacy_requirements" classname="highgrade::spec_contracts" timestamp="2026-09-26T17:04:17.753+07:00" time="0.233"/>
        <testcase name="v1_migration_preserves_exact_backup_ids_evidence_and_review_digest" classname="highgrade::spec_contracts" timestamp="2026-09-26T17:04:17.950+07:00" time="0.239"/>
        <testcase name="reviewed_import_transfer_works_with_directory_catalog" classname="highgrade::spec_contracts" timestamp="2026-09-26T17:04:17.712+07:00" time="0.502"/>
        <testcase name="read_payload_and_cas_always_describe_the_same_snapshot" classname="highgrade::spec_contracts" timestamp="2026-09-26T17:04:17.213+07:00" time="1.690"/>
    </testsuite>
    <testsuite name="highgrade::temp_contracts" tests="1" skipped="0" errors="0" failures="0">
        <testcase name="test_dir_cleans_after_panic_and_keeps_foreign_directory" classname="highgrade::temp_contracts" timestamp="2026-09-26T17:04:17.973+07:00" time="0.025"/>
    </testsuite>
    <testsuite name="highgrade::trace_contracts" tests="10" skipped="0" errors="0" failures="0">
        <testcase name="active_modified_requirement_replaces_base_for_trace" classname="highgrade::trace_contracts" timestamp="2026-09-26T17:04:17.980+07:00" time="0.061"/>
        <testcase name="duplicate_and_unknown_scenario_ids_do_not_pass" classname="highgrade::trace_contracts" timestamp="2026-09-26T17:04:17.986+07:00" time="0.101"/>
        <testcase name="native_owner_replaces_only_imported_markdown_and_ignores_evidence_metadata" classname="highgrade::trace_contracts" timestamp="2026-09-26T17:04:17.999+07:00" time="0.182"/>
        <testcase name="playwright_resolves_source_relative_to_report_root" classname="highgrade::trace_contracts" timestamp="2026-09-26T17:04:18.088+07:00" time="0.104"/>
        <testcase name="native_reports_remain_readable_after_checkout_moves" classname="highgrade::trace_contracts" timestamp="2026-09-26T17:04:18.041+07:00" time="0.158"/>
        <testcase name="automatic_trace_keeps_scope_and_outcomes_distinct" classname="highgrade::trace_contracts" timestamp="2026-09-26T17:04:17.985+07:00" time="0.214"/>
        <testcase name="rust_requires_real_listed_passing_result" classname="highgrade::trace_contracts" timestamp="2026-09-26T17:04:18.192+07:00" time="0.114"/>
        <testcase name="playwright_uses_annotation_and_result_not_just_link" classname="highgrade::trace_contracts" timestamp="2026-09-26T17:04:18.181+07:00" time="0.149"/>
        <testcase name="reviewed_transfer_trace_selects_one_owner_and_preserves_neighbor" classname="highgrade::trace_contracts" timestamp="2026-09-26T17:04:18.190+07:00" time="0.178"/>
        <testcase name="rust_skip_failure_unknown_and_empty_are_unconfirmed" classname="highgrade::trace_contracts" timestamp="2026-09-26T17:04:18.199+07:00" time="0.207"/>
    </testsuite>
</testsuites>
