<?xml version="1.0" encoding="UTF-8"?>
<testsuites name="nextest-run" tests="127" skipped="0" failures="0" errors="0" uuid="3c11f09e-6773-4073-b2d4-561fe32e1793" timestamp="2026-09-26T15:10:52.244+07:00" time="19.559">
    <testsuite name="highgrade" tests="1" skipped="0" errors="0" failures="0">
        <testcase name="trace::id_tests::accepts_project_ids_and_rejects_malformed_ids" classname="highgrade" timestamp="2026-09-26T15:10:52.245+07:00" time="0.021"/>
    </testsuite>
    <testsuite name="highgrade::bootstrap_contracts" tests="15" skipped="0" errors="0" failures="0">
        <testcase name="bootstrap_does_not_read_excluded_sources_or_offer_excluded_link_targets" classname="highgrade::bootstrap_contracts" timestamp="2026-09-26T15:10:52.245+07:00" time="0.029"/>
        <testcase name="bootstrap_reports_all_slots_before_registry_exists" classname="highgrade::bootstrap_contracts" timestamp="2026-09-26T15:10:52.245+07:00" time="0.032"/>
        <testcase name="bootstrap_skips_generated_skill_outputs" classname="highgrade::bootstrap_contracts" timestamp="2026-09-26T15:10:52.245+07:00" time="0.048"/>
        <testcase name="exclusions_are_safe_and_bad_registry_does_not_hide_candidates" classname="highgrade::bootstrap_contracts" timestamp="2026-09-26T15:10:52.245+07:00" time="0.071"/>
        <testcase name="canonical_project_has_separate_path_and_link_evidence" classname="highgrade::bootstrap_contracts" timestamp="2026-09-26T15:10:52.245+07:00" time="0.073"/>
        <testcase name="migrated_architecture_with_old_readme_link_is_reported" classname="highgrade::bootstrap_contracts" timestamp="2026-09-26T15:10:52.245+07:00" time="0.088"/>
        <testcase name="cli_accepts_bootstrap_without_registry_and_rejects_map_and_conflicts" classname="highgrade::bootstrap_contracts" timestamp="2026-09-26T15:10:52.245+07:00" time="0.088"/>
        <testcase name="missing_link_is_distinct_from_missing_file_and_registry_path_mismatch" classname="highgrade::bootstrap_contracts" timestamp="2026-09-26T15:10:52.245+07:00" time="0.109"/>
        <testcase name="alternative_name_is_candidate_but_never_accepted_as_role" classname="highgrade::bootstrap_contracts" timestamp="2026-09-26T15:10:52.245+07:00" time="0.121"/>
        <testcase name="bundled_templates_match_the_canonical_bootstrap_contract" classname="highgrade::bootstrap_contracts" timestamp="2026-09-26T15:10:52.245+07:00" time="0.125"/>
        <testcase name="complete_project_still_checks_exclusion_input_without_walking_tree" classname="highgrade::bootstrap_contracts" timestamp="2026-09-26T15:10:52.245+07:00" time="0.139"/>
        <testcase name="complete_project_still_reports_missing_navigation_without_candidate_walk" classname="highgrade::bootstrap_contracts" timestamp="2026-09-26T15:10:52.245+07:00" time="0.153"/>
        <testcase name="candidate_and_input_limits_keep_partial_evidence" classname="highgrade::bootstrap_contracts" timestamp="2026-09-26T15:10:52.245+07:00" time="0.175"/>
        <testcase name="bootstrap_reports_multiple_unvisited_locations_with_a_count" classname="highgrade::bootstrap_contracts" timestamp="2026-09-26T15:10:52.245+07:00" time="0.920"/>
        <testcase name="bootstrap_skips_junction_and_matches_exclusion_case" classname="highgrade::bootstrap_contracts" timestamp="2026-09-26T15:10:52.245+07:00" time="1.023"/>
    </testsuite>
    <testsuite name="highgrade::catalog_contracts" tests="21" skipped="0" errors="0" failures="0">
        <testcase name="foreign_directory_and_unknown_fields_are_not_adopted" classname="highgrade::catalog_contracts" timestamp="2026-09-26T15:10:52.318+07:00" time="0.134"/>
        <testcase name="foreign_structured_files_are_not_deleted" classname="highgrade::catalog_contracts" timestamp="2026-09-26T15:10:52.333+07:00" time="0.135"/>
        <testcase name="explicit_migration_preserves_all_data_and_detects_legacy_writer" classname="highgrade::catalog_contracts" timestamp="2026-09-26T15:10:52.293+07:00" time="0.252"/>
        <testcase name="malformed_recovery_never_unblocks_catalog" classname="highgrade::catalog_contracts" timestamp="2026-09-26T15:10:52.366+07:00" time="0.260"/>
        <testcase name="interrupted_transaction_refuses_reads_and_recovers_only_observed_targets" classname="highgrade::catalog_contracts" timestamp="2026-09-26T15:10:52.354+07:00" time="0.373"/>
        <testcase name="recovery_cannot_delete_a_required_specification" classname="highgrade::catalog_contracts" timestamp="2026-09-26T15:10:52.398+07:00" time="0.352"/>
        <testcase name="recovery_reconstructs_partial_staging_and_missing_first_document" classname="highgrade::catalog_contracts" timestamp="2026-09-26T15:10:52.420+07:00" time="0.357"/>
        <testcase name="selected_directory_is_project_owned_and_self_contained" classname="highgrade::catalog_contracts" timestamp="2026-09-26T15:10:52.468+07:00" time="0.347"/>
        <testcase name="two_catalog_writers_cannot_allocate_the_same_number" classname="highgrade::catalog_contracts" timestamp="2026-09-26T15:10:52.778+07:00" time="0.289"/>
        <testcase name="explicit_links_reject_missing_cycles_and_do_not_inherit_content" classname="highgrade::catalog_contracts" timestamp="2026-09-26T15:10:52.277+07:00" time="0.807"/>
        <testcase name="project_catalog_survives_service_removal_and_preserves_siblings" classname="highgrade::catalog_contracts" timestamp="2026-09-26T15:10:52.384+07:00" time="0.738"/>
        <testcase name="spec_check_brief_reports_affected_inputs" classname="highgrade::catalog_contracts" timestamp="2026-09-26T15:10:52.545+07:00" time="0.637"/>
        <testcase name="spec_check_brief_returns_stable_handoff" classname="highgrade::catalog_contracts" timestamp="2026-09-26T15:10:52.728+07:00" time="0.520"/>
        <testcase name="integrated_recheck_retains_history_and_invalidates_old_acceptance" classname="highgrade::catalog_contracts" timestamp="2026-09-26T15:10:52.333+07:00" time="0.966"/>
        <testcase name="spec_check_brief_reports_stale_run" classname="highgrade::catalog_contracts" timestamp="2026-09-26T15:10:52.627+07:00" time="1.035"/>
        <testcase name="tags_merge_atomically_and_filters_keep_dependencies_discoverable" classname="highgrade::catalog_contracts" timestamp="2026-09-26T15:10:52.751+07:00" time="1.713"/>
        <testcase name="batch_failure_keeps_prior_results_and_each_scenario_owns_its_report" classname="highgrade::catalog_contracts" timestamp="2026-09-26T15:10:52.266+07:00" time="2.320"/>
        <testcase name="multiple_checks_cannot_hide_failed_sibling_and_manual_is_explicit" classname="highgrade::catalog_contracts" timestamp="2026-09-26T15:10:52.370+07:00" time="2.503"/>
        <testcase name="cargo_runner_requires_a_real_exact_test" classname="highgrade::catalog_contracts" timestamp="2026-09-26T15:10:52.274+07:00" time="3.089"/>
        <testcase name="run_statistics_track_attempts_without_execution" classname="highgrade::catalog_contracts" timestamp="2026-09-26T15:10:52.453+07:00" time="3.998"/>
        <testcase name="explicit_runner_records_real_pass_fail_skip_empty_timeout_and_drift" classname="highgrade::catalog_contracts" timestamp="2026-09-26T15:10:52.317+07:00" time="8.733"/>
    </testsuite>
    <testsuite name="highgrade::contracts" tests="31" skipped="0" errors="0" failures="0">
        <testcase name="broken_links_and_anchors_are_failures" classname="highgrade::contracts" timestamp="2026-09-26T15:10:52.816+07:00" time="0.180"/>
        <testcase name="budget_history_cannot_skip_or_exceed_ceiling" classname="highgrade::contracts" timestamp="2026-09-26T15:10:52.996+07:00" time="0.175"/>
        <testcase name="colocated_document_does_not_cover_its_parent" classname="highgrade::contracts" timestamp="2026-09-26T15:10:53.084+07:00" time="0.120"/>
        <testcase name="cli_errors_keep_the_report_contract" classname="highgrade::contracts" timestamp="2026-09-26T15:10:53.067+07:00" time="0.191"/>
        <testcase name="exceeding_agreed_budget_warns_without_raising_it" classname="highgrade::contracts" timestamp="2026-09-26T15:10:53.204+07:00" time="0.092"/>
        <testcase name="entry_does_not_hide_unmapped_sibling" classname="highgrade::contracts" timestamp="2026-09-26T15:10:53.183+07:00" time="0.135"/>
        <testcase name="default_inspect_uses_only_highgrade_registry" classname="highgrade::contracts" timestamp="2026-09-26T15:10:53.172+07:00" time="0.146"/>
        <testcase name="install_rejects_stale_audit" classname="highgrade::contracts" timestamp="2026-09-26T15:10:53.268+07:00" time="0.127"/>
        <testcase name="conflicting_skill_is_not_adopted_even_if_equal" classname="highgrade::contracts" timestamp="2026-09-26T15:10:53.165+07:00" time="0.231"/>
        <testcase name="install_requires_audit_before_writes" classname="highgrade::contracts" timestamp="2026-09-26T15:10:53.297+07:00" time="0.103"/>
        <testcase name="links_support_reference_unicode_parent_and_code_exclusion" classname="highgrade::contracts" timestamp="2026-09-26T15:10:53.319+07:00" time="0.101"/>
        <testcase name="junction_is_not_followed" classname="highgrade::contracts" timestamp="2026-09-26T15:10:53.318+07:00" time="0.113"/>
        <testcase name="measures_utf8_crlf_and_does_not_modify_inputs" classname="highgrade::contracts" timestamp="2026-09-26T15:10:53.395+07:00" time="0.087"/>
        <testcase name="missing_budget_is_unknown_not_success" classname="highgrade::contracts" timestamp="2026-09-26T15:10:53.396+07:00" time="0.111"/>
        <testcase name="missing_roles_duplicates_and_files_are_reported" classname="highgrade::contracts" timestamp="2026-09-26T15:10:53.399+07:00" time="0.129"/>
        <testcase name="new_area_is_unknown" classname="highgrade::contracts" timestamp="2026-09-26T15:10:53.431+07:00" time="0.148"/>
        <testcase name="package_hash_failure_writes_nothing" classname="highgrade::contracts" timestamp="2026-09-26T15:10:53.482+07:00" time="0.132"/>
        <testcase name="parent_scope_reads_child_documents" classname="highgrade::contracts" timestamp="2026-09-26T15:10:53.508+07:00" time="0.110"/>
        <testcase name="scenario_ids_in_headings_are_not_broken_markdown_links" classname="highgrade::contracts" timestamp="2026-09-26T15:10:53.579+07:00" time="0.102"/>
        <testcase name="source_inventory_is_case_sensitive_and_stable" classname="highgrade::contracts" timestamp="2026-09-26T15:10:53.617+07:00" time="0.078"/>
        <testcase name="scoped_inspection_selects_sources_and_reports_unmapped_scope" classname="highgrade::contracts" timestamp="2026-09-26T15:10:53.614+07:00" time="0.103"/>
        <testcase name="incomplete_temp_is_preserved_and_not_activated" classname="highgrade::contracts" timestamp="2026-09-26T15:10:53.249+07:00" time="0.471"/>
        <testcase name="task_checkboxes_and_inline_code_are_not_references" classname="highgrade::contracts" timestamp="2026-09-26T15:10:53.662+07:00" time="0.074"/>
        <testcase name="traversal_and_ads_are_rejected" classname="highgrade::contracts" timestamp="2026-09-26T15:10:53.681+07:00" time="0.077"/>
        <testcase name="unresolved_reference_is_not_silent" classname="highgrade::contracts" timestamp="2026-09-26T15:10:53.695+07:00" time="0.092"/>
        <testcase name="valid_budget_history_passes" classname="highgrade::contracts" timestamp="2026-09-26T15:10:53.718+07:00" time="0.086"/>
        <testcase name="recovery_does_not_overwrite_foreign_edit" classname="highgrade::contracts" timestamp="2026-09-26T15:10:53.529+07:00" time="0.452"/>
        <testcase name="complete_temp_can_resume_publication" classname="highgrade::contracts" timestamp="2026-09-26T15:10:53.123+07:00" time="1.056"/>
        <testcase name="modified_installed_file_is_detected" classname="highgrade::contracts" timestamp="2026-09-26T15:10:53.420+07:00" time="0.838"/>
        <testcase name="install_preserves_agents_and_repeats_without_duplicates" classname="highgrade::contracts" timestamp="2026-09-26T15:10:53.258+07:00" time="1.164"/>
        <testcase name="interruption_at_each_publication_boundary_resumes" classname="highgrade::contracts" timestamp="2026-09-26T15:10:53.300+07:00" time="3.827"/>
    </testsuite>
    <testsuite name="highgrade::global_contracts" tests="25" skipped="0" errors="0" failures="0">
        <testcase name="doctor_reports_unavailable_tool_without_claiming_version" classname="highgrade::global_contracts" timestamp="2026-09-26T15:10:53.720+07:00" time="0.186"/>
        <testcase name="global_update_rejects_manual_rollback_option" classname="highgrade::global_contracts" timestamp="2026-09-26T15:10:54.423+07:00" time="0.087"/>
        <testcase name="kit_manifest_uses_stable_lf_bytes" classname="highgrade::global_contracts" timestamp="2026-09-26T15:10:54.587+07:00" time="0.092"/>
        <testcase name="global_install_rejects_hash_and_foreign_router_without_activation" classname="highgrade::global_contracts" timestamp="2026-09-26T15:10:53.982+07:00" time="1.394"/>
        <testcase name="failed_stage_preserves_foreign_candidate_journal" classname="highgrade::global_contracts" timestamp="2026-09-26T15:10:53.804+07:00" time="4.111"/>
        <testcase name="interrupted_skill_update_recovers_without_overwriting_user_edit" classname="highgrade::global_contracts" timestamp="2026-09-26T15:10:54.510+07:00" time="4.031"/>
        <testcase name="supported_adapter_does_not_claim_semantic_readiness" classname="highgrade::global_contracts" timestamp="2026-09-26T15:10:58.541+07:00" time="0.074"/>
        <testcase name="unsupported_project_adapter_is_a_failure" classname="highgrade::global_contracts" timestamp="2026-09-26T15:10:58.616+07:00" time="0.075"/>
        <testcase name="installed_runtime_references_survive_removal_of_source_copy" classname="highgrade::global_contracts" timestamp="2026-09-26T15:10:54.464+07:00" time="4.249"/>
        <testcase name="planner_router_is_portable" classname="highgrade::global_contracts" timestamp="2026-09-26T15:10:55.363+07:00" time="3.450"/>
        <testcase name="shipped_registry_example_is_accepted_without_inventing_budgets" classname="highgrade::global_contracts" timestamp="2026-09-26T15:10:56.451+07:00" time="2.663"/>
        <testcase name="global_install_does_not_touch_project_and_checks_adapter" classname="highgrade::global_contracts" timestamp="2026-09-26T15:10:53.906+07:00" time="5.530"/>
        <testcase name="locked_v026_router_is_inactive_after_switch" classname="highgrade::global_contracts" timestamp="2026-09-26T15:10:54.873+07:00" time="6.514"/>
        <testcase name="failed_forward_pointer_change_allows_a_different_candidate" classname="highgrade::global_contracts" timestamp="2026-09-26T15:10:53.759+07:00" time="8.311"/>
        <testcase name="failed_candidate_stage_restores_changed_skill" classname="highgrade::global_contracts" timestamp="2026-09-26T15:10:53.736+07:00" time="8.962"/>
        <testcase name="planner_update_accepts_prior_eight_skill_release" classname="highgrade::global_contracts" timestamp="2026-09-26T15:10:55.376+07:00" time="7.703"/>
        <testcase name="failed_stage_does_not_leave_new_routers" classname="highgrade::global_contracts" timestamp="2026-09-26T15:10:53.787+07:00" time="10.625"/>
        <testcase name="six_skill_release_preserves_owned_crlf_routers" classname="highgrade::global_contracts" timestamp="2026-09-26T15:10:57.127+07:00" time="7.592"/>
        <testcase name="global_update_preserves_project_adaptation_in_profile" classname="highgrade::global_contracts" timestamp="2026-09-26T15:10:54.179+07:00" time="10.645"/>
        <testcase name="v026_deploy_migrates_to_two_routes_and_removes_old_release" classname="highgrade::global_contracts" timestamp="2026-09-26T15:10:58.813+07:00" time="6.568"/>
        <testcase name="six_skill_release_updates_to_approve_push_and_cleans_old_release" classname="highgrade::global_contracts" timestamp="2026-09-26T15:10:57.915+07:00" time="7.738"/>
        <testcase name="legacy_deploy_migrates_to_approve_push_and_cleans_old_release" classname="highgrade::global_contracts" timestamp="2026-09-26T15:10:54.679+07:00" time="11.106"/>
        <testcase name="global_update_preview_switch_and_cleanup_keep_unrelated_files" classname="highgrade::global_contracts" timestamp="2026-09-26T15:10:54.258+07:00" time="12.212"/>
        <testcase name="update_replaces_owned_skill_and_preserves_user_edit" classname="highgrade::global_contracts" timestamp="2026-09-26T15:10:58.716+07:00" time="9.337"/>
        <testcase name="update_preserves_foreign_file_in_old_release" classname="highgrade::global_contracts" timestamp="2026-09-26T15:10:58.691+07:00" time="13.111"/>
    </testsuite>
    <testsuite name="highgrade::package_contracts" tests="7" skipped="0" errors="0" failures="0">
        <testcase name="bundled_skill_frontmatter_uses_safe_scalars" classname="highgrade::package_contracts" timestamp="2026-09-26T15:10:59.114+07:00" time="0.191"/>
        <testcase name="full_install_keeps_project_files_and_repeats" classname="highgrade::package_contracts" timestamp="2026-09-26T15:10:59.436+07:00" time="1.447"/>
        <testcase name="full_install_rejects_pending_audit_and_foreign_skill" classname="highgrade::package_contracts" timestamp="2026-09-26T15:11:00.883+07:00" time="0.446"/>
        <testcase name="candidate_conflict_never_changes_active_release" classname="highgrade::package_contracts" timestamp="2026-09-26T15:10:59.305+07:00" time="2.208"/>
        <testcase name="project_exclusions_require_an_explicit_reason_and_fresh_audit" classname="highgrade::package_contracts" timestamp="2026-09-26T15:11:01.050+07:00" time="1.209"/>
        <testcase name="update_rejects_manifest_cli_version_mismatch" classname="highgrade::package_contracts" timestamp="2026-09-26T15:11:01.330+07:00" time="2.993"/>
        <testcase name="update_requires_fresh_explicit_decision_and_preserves_adaptation" classname="highgrade::package_contracts" timestamp="2026-09-26T15:11:01.387+07:00" time="10.255"/>
    </testsuite>
    <testsuite name="highgrade::spec_contracts" tests="16" skipped="0" errors="0" failures="0">
        <testcase name="automatic_numbers_survive_abandon_failure_and_competing_cli_writers" classname="highgrade::spec_contracts" timestamp="2026-09-26T15:11:01.514+07:00" time="0.365"/>
        <testcase name="competing_processes_and_failed_replace_preserve_whole_store" classname="highgrade::spec_contracts" timestamp="2026-09-26T15:11:01.879+07:00" time="0.213"/>
        <testcase name="drafts_are_readable_but_unknown_versions_and_fields_never_write" classname="highgrade::spec_contracts" timestamp="2026-09-26T15:11:02.070+07:00" time="0.160"/>
        <testcase name="evidence_and_review_go_stale_without_losing_unaffected_observations" classname="highgrade::spec_contracts" timestamp="2026-09-26T15:11:02.092+07:00" time="0.423"/>
        <testcase name="human_history_is_atomic_protected_and_bound_to_spec_and_implementation" classname="highgrade::spec_contracts" timestamp="2026-09-26T15:11:02.231+07:00" time="0.709"/>
        <testcase name="native_doctor_does_not_require_openspec_or_execute_external_tools" classname="highgrade::spec_contracts" timestamp="2026-09-26T15:11:02.940+07:00" time="0.120"/>
        <testcase name="integration_rejects_stale_base_and_requires_removal_reason" classname="highgrade::spec_contracts" timestamp="2026-09-26T15:11:02.258+07:00" time="0.987"/>
        <testcase name="negative_review_and_sibling_scenario_regressions" classname="highgrade::spec_contracts" timestamp="2026-09-26T15:11:03.060+07:00" time="0.380"/>
        <testcase name="isolated_three_spec_lifecycle_keeps_exact_decisions_and_pending_work" classname="highgrade::spec_contracts" timestamp="2026-09-26T15:11:02.516+07:00" time="1.045"/>
        <testcase name="json_progress_rejects_missing_skipped_unknown_and_negative_review" classname="highgrade::spec_contracts" timestamp="2026-09-26T15:11:02.698+07:00" time="0.885"/>
        <testcase name="returned_integrated_spec_is_corrected_by_a_new_change_without_rewriting_history" classname="highgrade::spec_contracts" timestamp="2026-09-26T15:11:03.245+07:00" time="0.821"/>
        <testcase name="reviewed_contract_transfer_preserves_unverified_status_and_rejects_bad_inputs" classname="highgrade::spec_contracts" timestamp="2026-09-26T15:11:03.440+07:00" time="0.753"/>
        <testcase name="selected_import_retains_source_and_leaves_other_legacy_requirements" classname="highgrade::spec_contracts" timestamp="2026-09-26T15:11:03.584+07:00" time="0.620"/>
        <testcase name="v1_migration_preserves_exact_backup_ids_evidence_and_review_digest" classname="highgrade::spec_contracts" timestamp="2026-09-26T15:11:04.066+07:00" time="0.269"/>
        <testcase name="reviewed_import_transfer_works_with_directory_catalog" classname="highgrade::spec_contracts" timestamp="2026-09-26T15:11:03.561+07:00" time="0.877"/>
        <testcase name="read_payload_and_cas_always_describe_the_same_snapshot" classname="highgrade::spec_contracts" timestamp="2026-09-26T15:11:03.080+07:00" time="2.244"/>
    </testsuite>
    <testsuite name="highgrade::temp_contracts" tests="1" skipped="0" errors="0" failures="0">
        <testcase name="test_dir_cleans_after_panic_and_keeps_foreign_directory" classname="highgrade::temp_contracts" timestamp="2026-09-26T15:11:04.193+07:00" time="0.037"/>
    </testsuite>
    <testsuite name="highgrade::trace_contracts" tests="10" skipped="0" errors="0" failures="0">
        <testcase name="active_modified_requirement_replaces_base_for_trace" classname="highgrade::trace_contracts" timestamp="2026-09-26T15:11:04.204+07:00" time="0.139"/>
        <testcase name="duplicate_and_unknown_scenario_ids_do_not_pass" classname="highgrade::trace_contracts" timestamp="2026-09-26T15:11:04.323+07:00" time="0.101"/>
        <testcase name="automatic_trace_keeps_scope_and_outcomes_distinct" classname="highgrade::trace_contracts" timestamp="2026-09-26T15:11:04.230+07:00" time="0.253"/>
        <testcase name="playwright_resolves_source_relative_to_report_root" classname="highgrade::trace_contracts" timestamp="2026-09-26T15:11:04.412+07:00" time="0.091"/>
        <testcase name="native_reports_remain_readable_after_checkout_moves" classname="highgrade::trace_contracts" timestamp="2026-09-26T15:11:04.344+07:00" time="0.177"/>
        <testcase name="native_owner_replaces_only_imported_markdown_and_ignores_evidence_metadata" classname="highgrade::trace_contracts" timestamp="2026-09-26T15:11:04.336+07:00" time="0.195"/>
        <testcase name="rust_requires_real_listed_passing_result" classname="highgrade::trace_contracts" timestamp="2026-09-26T15:11:04.484+07:00" time="0.114"/>
        <testcase name="playwright_uses_annotation_and_result_not_just_link" classname="highgrade::trace_contracts" timestamp="2026-09-26T15:11:04.424+07:00" time="0.250"/>
        <testcase name="reviewed_transfer_trace_selects_one_owner_and_preserves_neighbor" classname="highgrade::trace_contracts" timestamp="2026-09-26T15:11:04.438+07:00" time="0.254"/>
        <testcase name="rust_skip_failure_unknown_and_empty_are_unconfirmed" classname="highgrade::trace_contracts" timestamp="2026-09-26T15:11:04.503+07:00" time="0.252"/>
    </testsuite>
</testsuites>
