<?xml version="1.0" encoding="UTF-8"?>
<testsuites name="nextest-run" tests="134" skipped="0" failures="0" errors="0" uuid="de837f85-70de-489e-b775-f0bf63876f32" timestamp="2026-09-26T15:47:16.231+07:00" time="20.110">
    <testsuite name="highgrade::bootstrap_contracts" tests="17" skipped="0" errors="0" failures="0">
        <testcase name="canonical_project_has_separate_path_and_link_evidence" classname="highgrade::bootstrap_contracts" timestamp="2026-09-26T15:47:16.232+07:00" time="0.039"/>
        <testcase name="complete_project_still_reports_missing_navigation_without_candidate_walk" classname="highgrade::bootstrap_contracts" timestamp="2026-09-26T15:47:16.232+07:00" time="0.047"/>
        <testcase name="bootstrap_does_not_read_excluded_sources_or_offer_excluded_link_targets" classname="highgrade::bootstrap_contracts" timestamp="2026-09-26T15:47:16.232+07:00" time="0.069"/>
        <testcase name="candidate_and_input_limits_keep_partial_evidence" classname="highgrade::bootstrap_contracts" timestamp="2026-09-26T15:47:16.232+07:00" time="0.075"/>
        <testcase name="cli_accepts_bootstrap_without_registry_and_rejects_map_and_conflicts" classname="highgrade::bootstrap_contracts" timestamp="2026-09-26T15:47:16.232+07:00" time="0.078"/>
        <testcase name="bootstrap_skips_generated_skill_outputs" classname="highgrade::bootstrap_contracts" timestamp="2026-09-26T15:47:16.232+07:00" time="0.081"/>
        <testcase name="bootstrap_reports_all_slots_before_registry_exists" classname="highgrade::bootstrap_contracts" timestamp="2026-09-26T15:47:16.232+07:00" time="0.096"/>
        <testcase name="bundled_templates_match_the_canonical_bootstrap_contract" classname="highgrade::bootstrap_contracts" timestamp="2026-09-26T15:47:16.232+07:00" time="0.099"/>
        <testcase name="exclusions_are_safe_and_bad_registry_does_not_hide_candidates" classname="highgrade::bootstrap_contracts" timestamp="2026-09-26T15:47:16.232+07:00" time="0.104"/>
        <testcase name="complete_project_still_checks_exclusion_input_without_walking_tree" classname="highgrade::bootstrap_contracts" timestamp="2026-09-26T15:47:16.232+07:00" time="0.118"/>
        <testcase name="alternative_name_is_candidate_but_never_accepted_as_role" classname="highgrade::bootstrap_contracts" timestamp="2026-09-26T15:47:16.232+07:00" time="0.157"/>
        <testcase name="combined_roles_are_counted_once_and_invalid_assignments_fail" classname="highgrade::bootstrap_contracts" timestamp="2026-09-26T15:47:16.232+07:00" time="0.164"/>
        <testcase name="migrated_architecture_with_old_readme_link_is_reported" classname="highgrade::bootstrap_contracts" timestamp="2026-09-26T15:47:16.271+07:00" time="0.139"/>
        <testcase name="connected_project_uses_registered_existing_path" classname="highgrade::bootstrap_contracts" timestamp="2026-09-26T15:47:16.232+07:00" time="0.186"/>
        <testcase name="missing_link_is_distinct_from_missing_file_and_registry_path_mismatch" classname="highgrade::bootstrap_contracts" timestamp="2026-09-26T15:47:16.280+07:00" time="0.157"/>
        <testcase name="bootstrap_skips_junction_and_matches_exclusion_case" classname="highgrade::bootstrap_contracts" timestamp="2026-09-26T15:47:16.232+07:00" time="1.112"/>
        <testcase name="bootstrap_reports_multiple_unvisited_locations_with_a_count" classname="highgrade::bootstrap_contracts" timestamp="2026-09-26T15:47:16.232+07:00" time="1.362"/>
    </testsuite>
    <testsuite name="highgrade" tests="1" skipped="0" errors="0" failures="0">
        <testcase name="trace::id_tests::accepts_project_ids_and_rejects_malformed_ids" classname="highgrade" timestamp="2026-09-26T15:47:16.232+07:00" time="0.097"/>
    </testsuite>
    <testsuite name="highgrade::catalog_contracts" tests="24" skipped="0" errors="0" failures="0">
        <testcase name="foreign_directory_and_unknown_fields_are_not_adopted" classname="highgrade::catalog_contracts" timestamp="2026-09-26T15:47:16.336+07:00" time="0.217"/>
        <testcase name="explicit_migration_preserves_all_data_and_detects_legacy_writer" classname="highgrade::catalog_contracts" timestamp="2026-09-26T15:47:16.329+07:00" time="0.281"/>
        <testcase name="foreign_structured_files_are_not_deleted" classname="highgrade::catalog_contracts" timestamp="2026-09-26T15:47:16.350+07:00" time="0.345"/>
        <testcase name="malformed_recovery_never_unblocks_catalog" classname="highgrade::catalog_contracts" timestamp="2026-09-26T15:47:16.411+07:00" time="0.379"/>
        <testcase name="compact_views_and_atomic_edit_protect_results_and_cas" classname="highgrade::catalog_contracts" timestamp="2026-09-26T15:47:16.310+07:00" time="0.538"/>
        <testcase name="recovery_reconstructs_partial_staging_and_missing_first_document" classname="highgrade::catalog_contracts" timestamp="2026-09-26T15:47:16.611+07:00" time="0.357"/>
        <testcase name="interrupted_transaction_refuses_reads_and_recovers_only_observed_targets" classname="highgrade::catalog_contracts" timestamp="2026-09-26T15:47:16.396+07:00" time="0.572"/>
        <testcase name="recovery_cannot_delete_a_required_specification" classname="highgrade::catalog_contracts" timestamp="2026-09-26T15:47:16.553+07:00" time="0.416"/>
        <testcase name="selected_directory_is_project_owned_and_self_contained" classname="highgrade::catalog_contracts" timestamp="2026-09-26T15:47:16.790+07:00" time="0.447"/>
        <testcase name="project_catalog_survives_service_removal_and_preserves_siblings" classname="highgrade::catalog_contracts" timestamp="2026-09-26T15:47:16.437+07:00" time="0.887"/>
        <testcase name="explicit_links_reject_missing_cycles_and_do_not_inherit_content" classname="highgrade::catalog_contracts" timestamp="2026-09-26T15:47:16.328+07:00" time="1.015"/>
        <testcase name="spec_check_brief_returns_stable_handoff" classname="highgrade::catalog_contracts" timestamp="2026-09-26T15:47:16.969+07:00" time="0.576"/>
        <testcase name="spec_check_brief_reports_affected_inputs" classname="highgrade::catalog_contracts" timestamp="2026-09-26T15:47:16.968+07:00" time="0.580"/>
        <testcase name="two_catalog_writers_cannot_allocate_the_same_number" classname="highgrade::catalog_contracts" timestamp="2026-09-26T15:47:17.326+07:00" time="0.363"/>
        <testcase name="integrated_recheck_retains_history_and_invalidates_old_acceptance" classname="highgrade::catalog_contracts" timestamp="2026-09-26T15:47:16.389+07:00" time="1.319"/>
        <testcase name="spec_check_brief_reports_stale_run" classname="highgrade::catalog_contracts" timestamp="2026-09-26T15:47:16.968+07:00" time="0.946"/>
        <testcase name="equivalent_native_runs_keep_material_revision_and_append_history" classname="highgrade::catalog_contracts" timestamp="2026-09-26T15:47:16.313+07:00" time="1.622"/>
        <testcase name="batch_failure_keeps_prior_results_and_each_scenario_owns_its_report" classname="highgrade::catalog_contracts" timestamp="2026-09-26T15:47:16.301+07:00" time="2.016"/>
        <testcase name="shared_inputs_track_content_and_membership" classname="highgrade::catalog_contracts" timestamp="2026-09-26T15:47:16.849+07:00" time="1.474"/>
        <testcase name="tags_merge_atomically_and_filters_keep_dependencies_discoverable" classname="highgrade::catalog_contracts" timestamp="2026-09-26T15:47:17.237+07:00" time="1.769"/>
        <testcase name="multiple_checks_cannot_hide_failed_sibling_and_manual_is_explicit" classname="highgrade::catalog_contracts" timestamp="2026-09-26T15:47:16.418+07:00" time="2.673"/>
        <testcase name="cargo_runner_requires_a_real_exact_test" classname="highgrade::catalog_contracts" timestamp="2026-09-26T15:47:16.307+07:00" time="3.795"/>
        <testcase name="run_statistics_track_attempts_without_execution" classname="highgrade::catalog_contracts" timestamp="2026-09-26T15:47:16.695+07:00" time="4.395"/>
        <testcase name="explicit_runner_records_real_pass_fail_skip_empty_timeout_and_drift" classname="highgrade::catalog_contracts" timestamp="2026-09-26T15:47:16.331+07:00" time="9.014"/>
    </testsuite>
    <testsuite name="highgrade::contracts" tests="31" skipped="0" errors="0" failures="0">
        <testcase name="broken_links_and_anchors_are_failures" classname="highgrade::contracts" timestamp="2026-09-26T15:47:17.343+07:00" time="0.164"/>
        <testcase name="budget_history_cannot_skip_or_exceed_ceiling" classname="highgrade::contracts" timestamp="2026-09-26T15:47:17.344+07:00" time="0.215"/>
        <testcase name="colocated_document_does_not_cover_its_parent" classname="highgrade::contracts" timestamp="2026-09-26T15:47:17.545+07:00" time="0.118"/>
        <testcase name="cli_errors_keep_the_report_contract" classname="highgrade::contracts" timestamp="2026-09-26T15:47:17.507+07:00" time="0.192"/>
        <testcase name="entry_does_not_hide_unmapped_sibling" classname="highgrade::contracts" timestamp="2026-09-26T15:47:17.663+07:00" time="0.101"/>
        <testcase name="exceeding_agreed_budget_warns_without_raising_it" classname="highgrade::contracts" timestamp="2026-09-26T15:47:17.689+07:00" time="0.171"/>
        <testcase name="default_inspect_uses_only_highgrade_registry" classname="highgrade::contracts" timestamp="2026-09-26T15:47:17.594+07:00" time="0.286"/>
        <testcase name="conflicting_skill_is_not_adopted_even_if_equal" classname="highgrade::contracts" timestamp="2026-09-26T15:47:17.560+07:00" time="0.326"/>
        <testcase name="install_rejects_stale_audit" classname="highgrade::contracts" timestamp="2026-09-26T15:47:17.765+07:00" time="0.169"/>
        <testcase name="install_requires_audit_before_writes" classname="highgrade::contracts" timestamp="2026-09-26T15:47:17.861+07:00" time="0.120"/>
        <testcase name="junction_is_not_followed" classname="highgrade::contracts" timestamp="2026-09-26T15:47:17.886+07:00" time="0.149"/>
        <testcase name="measures_utf8_crlf_and_does_not_modify_inputs" classname="highgrade::contracts" timestamp="2026-09-26T15:47:17.934+07:00" time="0.108"/>
        <testcase name="links_support_reference_unicode_parent_and_code_exclusion" classname="highgrade::contracts" timestamp="2026-09-26T15:47:17.915+07:00" time="0.158"/>
        <testcase name="missing_roles_duplicates_and_files_are_reported" classname="highgrade::contracts" timestamp="2026-09-26T15:47:17.981+07:00" time="0.123"/>
        <testcase name="missing_budget_is_unknown_not_success" classname="highgrade::contracts" timestamp="2026-09-26T15:47:17.935+07:00" time="0.188"/>
        <testcase name="new_area_is_unknown" classname="highgrade::contracts" timestamp="2026-09-26T15:47:18.042+07:00" time="0.114"/>
        <testcase name="parent_scope_reads_child_documents" classname="highgrade::contracts" timestamp="2026-09-26T15:47:18.104+07:00" time="0.154"/>
        <testcase name="package_hash_failure_writes_nothing" classname="highgrade::contracts" timestamp="2026-09-26T15:47:18.073+07:00" time="0.186"/>
        <testcase name="scenario_ids_in_headings_are_not_broken_markdown_links" classname="highgrade::contracts" timestamp="2026-09-26T15:47:18.156+07:00" time="0.137"/>
        <testcase name="source_inventory_is_case_sensitive_and_stable" classname="highgrade::contracts" timestamp="2026-09-26T15:47:18.260+07:00" time="0.109"/>
        <testcase name="incomplete_temp_is_preserved_and_not_activated" classname="highgrade::contracts" timestamp="2026-09-26T15:47:17.699+07:00" time="0.683"/>
        <testcase name="traversal_and_ads_are_rejected" classname="highgrade::contracts" timestamp="2026-09-26T15:47:18.317+07:00" time="0.078"/>
        <testcase name="scoped_inspection_selects_sources_and_reports_unmapped_scope" classname="highgrade::contracts" timestamp="2026-09-26T15:47:18.259+07:00" time="0.143"/>
        <testcase name="task_checkboxes_and_inline_code_are_not_references" classname="highgrade::contracts" timestamp="2026-09-26T15:47:18.293+07:00" time="0.108"/>
        <testcase name="unresolved_reference_is_not_silent" classname="highgrade::contracts" timestamp="2026-09-26T15:47:18.323+07:00" time="0.125"/>
        <testcase name="valid_budget_history_passes" classname="highgrade::contracts" timestamp="2026-09-26T15:47:18.369+07:00" time="0.102"/>
        <testcase name="complete_temp_can_resume_publication" classname="highgrade::contracts" timestamp="2026-09-26T15:47:17.549+07:00" time="1.051"/>
        <testcase name="recovery_does_not_overwrite_foreign_edit" classname="highgrade::contracts" timestamp="2026-09-26T15:47:18.123+07:00" time="0.553"/>
        <testcase name="modified_installed_file_is_detected" classname="highgrade::contracts" timestamp="2026-09-26T15:47:18.036+07:00" time="0.876"/>
        <testcase name="install_preserves_agents_and_repeats_without_duplicates" classname="highgrade::contracts" timestamp="2026-09-26T15:47:17.708+07:00" time="1.470"/>
        <testcase name="interruption_at_each_publication_boundary_resumes" classname="highgrade::contracts" timestamp="2026-09-26T15:47:17.881+07:00" time="4.431"/>
    </testsuite>
    <testsuite name="highgrade::global_contracts" tests="25" skipped="0" errors="0" failures="0">
        <testcase name="doctor_reports_unavailable_tool_without_claiming_version" classname="highgrade::global_contracts" timestamp="2026-09-26T15:47:18.383+07:00" time="0.181"/>
        <testcase name="global_update_rejects_manual_rollback_option" classname="highgrade::global_contracts" timestamp="2026-09-26T15:47:18.912+07:00" time="0.225"/>
        <testcase name="kit_manifest_uses_stable_lf_bytes" classname="highgrade::global_contracts" timestamp="2026-09-26T15:47:19.137+07:00" time="0.057"/>
        <testcase name="global_install_rejects_hash_and_foreign_router_without_activation" classname="highgrade::global_contracts" timestamp="2026-09-26T15:47:18.564+07:00" time="1.263"/>
        <testcase name="interrupted_skill_update_recovers_without_overwriting_user_edit" classname="highgrade::global_contracts" timestamp="2026-09-26T15:47:19.091+07:00" time="3.933"/>
        <testcase name="failed_stage_preserves_foreign_candidate_journal" classname="highgrade::global_contracts" timestamp="2026-09-26T15:47:18.449+07:00" time="4.584"/>
        <testcase name="supported_adapter_does_not_claim_semantic_readiness" classname="highgrade::global_contracts" timestamp="2026-09-26T15:47:23.033+07:00" time="0.090"/>
        <testcase name="unsupported_project_adapter_is_a_failure" classname="highgrade::global_contracts" timestamp="2026-09-26T15:47:23.123+07:00" time="0.113"/>
        <testcase name="installed_runtime_references_survive_removal_of_source_copy" classname="highgrade::global_contracts" timestamp="2026-09-26T15:47:19.006+07:00" time="4.424"/>
        <testcase name="global_install_does_not_touch_project_and_checks_adapter" classname="highgrade::global_contracts" timestamp="2026-09-26T15:47:18.471+07:00" time="5.109"/>
        <testcase name="shipped_registry_example_is_accepted_without_inventing_budgets" classname="highgrade::global_contracts" timestamp="2026-09-26T15:47:21.090+07:00" time="2.842"/>
        <testcase name="planner_router_is_portable" classname="highgrade::global_contracts" timestamp="2026-09-26T15:47:19.827+07:00" time="4.646"/>
        <testcase name="locked_v026_router_is_inactive_after_switch" classname="highgrade::global_contracts" timestamp="2026-09-26T15:47:19.195+07:00" time="6.265"/>
        <testcase name="planner_update_accepts_prior_eight_skill_release" classname="highgrade::global_contracts" timestamp="2026-09-26T15:47:20.103+07:00" time="7.446"/>
        <testcase name="failed_candidate_stage_restores_changed_skill" classname="highgrade::global_contracts" timestamp="2026-09-26T15:47:18.395+07:00" time="9.490"/>
        <testcase name="failed_forward_pointer_change_allows_a_different_candidate" classname="highgrade::global_contracts" timestamp="2026-09-26T15:47:18.402+07:00" time="10.079"/>
        <testcase name="six_skill_release_preserves_owned_crlf_routers" classname="highgrade::global_contracts" timestamp="2026-09-26T15:47:22.312+07:00" time="7.108"/>
        <testcase name="global_update_preserves_project_adaptation_in_profile" classname="highgrade::global_contracts" timestamp="2026-09-26T15:47:18.600+07:00" time="11.004"/>
        <testcase name="failed_stage_does_not_leave_new_routers" classname="highgrade::global_contracts" timestamp="2026-09-26T15:47:18.402+07:00" time="11.557"/>
        <testcase name="v026_deploy_migrates_to_two_routes_and_removes_old_release" classname="highgrade::global_contracts" timestamp="2026-09-26T15:47:23.580+07:00" time="6.738"/>
        <testcase name="six_skill_release_updates_to_approve_push_and_cleans_old_release" classname="highgrade::global_contracts" timestamp="2026-09-26T15:47:23.025+07:00" time="7.721"/>
        <testcase name="global_update_preview_switch_and_cleanup_keep_unrelated_files" classname="highgrade::global_contracts" timestamp="2026-09-26T15:47:18.676+07:00" time="12.382"/>
        <testcase name="legacy_deploy_migrates_to_approve_push_and_cleans_old_release" classname="highgrade::global_contracts" timestamp="2026-09-26T15:47:19.178+07:00" time="12.065"/>
        <testcase name="update_replaces_owned_skill_and_preserves_user_edit" classname="highgrade::global_contracts" timestamp="2026-09-26T15:47:23.430+07:00" time="9.447"/>
        <testcase name="update_preserves_foreign_file_in_old_release" classname="highgrade::global_contracts" timestamp="2026-09-26T15:47:23.236+07:00" time="13.104"/>
    </testsuite>
    <testsuite name="highgrade::package_contracts" tests="7" skipped="0" errors="0" failures="0">
        <testcase name="bundled_skill_frontmatter_uses_safe_scalars" classname="highgrade::package_contracts" timestamp="2026-09-26T15:47:23.932+07:00" time="0.163"/>
        <testcase name="full_install_keeps_project_files_and_repeats" classname="highgrade::package_contracts" timestamp="2026-09-26T15:47:24.473+07:00" time="1.210"/>
        <testcase name="full_install_rejects_pending_audit_and_foreign_skill" classname="highgrade::package_contracts" timestamp="2026-09-26T15:47:25.345+07:00" time="0.351"/>
        <testcase name="candidate_conflict_never_changes_active_release" classname="highgrade::package_contracts" timestamp="2026-09-26T15:47:24.096+07:00" time="2.010"/>
        <testcase name="project_exclusions_require_an_explicit_reason_and_fresh_audit" classname="highgrade::package_contracts" timestamp="2026-09-26T15:47:25.460+07:00" time="1.044"/>
        <testcase name="update_rejects_manifest_cli_version_mismatch" classname="highgrade::package_contracts" timestamp="2026-09-26T15:47:25.683+07:00" time="2.980"/>
        <testcase name="update_requires_fresh_explicit_decision_and_preserves_adaptation" classname="highgrade::package_contracts" timestamp="2026-09-26T15:47:25.696+07:00" time="10.486"/>
    </testsuite>
    <testsuite name="highgrade::spec_contracts" tests="18" skipped="0" errors="0" failures="0">
        <testcase name="automatic_numbers_survive_abandon_failure_and_competing_cli_writers" classname="highgrade::spec_contracts" timestamp="2026-09-26T15:47:26.106+07:00" time="0.289"/>
        <testcase name="competing_processes_and_failed_replace_preserve_whole_store" classname="highgrade::spec_contracts" timestamp="2026-09-26T15:47:26.395+07:00" time="0.253"/>
        <testcase name="drafts_are_readable_but_unknown_versions_and_fields_never_write" classname="highgrade::spec_contracts" timestamp="2026-09-26T15:47:26.504+07:00" time="0.185"/>
        <testcase name="equivalent_evidence_refresh_preserves_decision_but_changed_observation_does_not" classname="highgrade::spec_contracts" timestamp="2026-09-26T15:47:26.648+07:00" time="0.303"/>
        <testcase name="evidence_and_review_go_stale_without_losing_unaffected_observations" classname="highgrade::spec_contracts" timestamp="2026-09-26T15:47:26.689+07:00" time="0.421"/>
        <testcase name="human_history_is_atomic_protected_and_bound_to_spec_and_implementation" classname="highgrade::spec_contracts" timestamp="2026-09-26T15:47:26.952+07:00" time="0.682"/>
        <testcase name="integration_rejects_stale_base_and_requires_removal_reason" classname="highgrade::spec_contracts" timestamp="2026-09-26T15:47:27.110+07:00" time="0.831"/>
        <testcase name="native_doctor_does_not_require_openspec_or_execute_external_tools" classname="highgrade::spec_contracts" timestamp="2026-09-26T15:47:27.885+07:00" time="0.084"/>
        <testcase name="negative_review_and_sibling_scenario_regressions" classname="highgrade::spec_contracts" timestamp="2026-09-26T15:47:27.942+07:00" time="0.250"/>
        <testcase name="json_progress_rejects_missing_skipped_unknown_and_negative_review" classname="highgrade::spec_contracts" timestamp="2026-09-26T15:47:27.634+07:00" time="0.710"/>
        <testcase name="isolated_three_spec_lifecycle_keeps_exact_decisions_and_pending_work" classname="highgrade::spec_contracts" timestamp="2026-09-26T15:47:27.549+07:00" time="1.015"/>
        <testcase name="report_that_is_also_an_input_never_hides_changed_implementation" classname="highgrade::spec_contracts" timestamp="2026-09-26T15:47:28.192+07:00" time="0.475"/>
        <testcase name="returned_integrated_spec_is_corrected_by_a_new_change_without_rewriting_history" classname="highgrade::spec_contracts" timestamp="2026-09-26T15:47:28.344+07:00" time="0.530"/>
        <testcase name="reviewed_contract_transfer_preserves_unverified_status_and_rejects_bad_inputs" classname="highgrade::spec_contracts" timestamp="2026-09-26T15:47:28.481+07:00" time="0.464"/>
        <testcase name="v1_migration_preserves_exact_backup_ids_evidence_and_review_digest" classname="highgrade::spec_contracts" timestamp="2026-09-26T15:47:28.667+07:00" time="0.294"/>
        <testcase name="selected_import_retains_source_and_leaves_other_legacy_requirements" classname="highgrade::spec_contracts" timestamp="2026-09-26T15:47:28.664+07:00" time="0.356"/>
        <testcase name="reviewed_import_transfer_works_with_directory_catalog" classname="highgrade::spec_contracts" timestamp="2026-09-26T15:47:28.564+07:00" time="0.524"/>
        <testcase name="read_payload_and_cas_always_describe_the_same_snapshot" classname="highgrade::spec_contracts" timestamp="2026-09-26T15:47:27.970+07:00" time="1.952"/>
    </testsuite>
    <testsuite name="highgrade::temp_contracts" tests="1" skipped="0" errors="0" failures="0">
        <testcase name="test_dir_cleans_after_panic_and_keeps_foreign_directory" classname="highgrade::temp_contracts" timestamp="2026-09-26T15:47:28.874+07:00" time="0.090"/>
    </testsuite>
    <testsuite name="highgrade::trace_contracts" tests="10" skipped="0" errors="0" failures="0">
        <testcase name="active_modified_requirement_replaces_base_for_trace" classname="highgrade::trace_contracts" timestamp="2026-09-26T15:47:28.945+07:00" time="0.081"/>
        <testcase name="duplicate_and_unknown_scenario_ids_do_not_pass" classname="highgrade::trace_contracts" timestamp="2026-09-26T15:47:28.964+07:00" time="0.127"/>
        <testcase name="playwright_resolves_source_relative_to_report_root" classname="highgrade::trace_contracts" timestamp="2026-09-26T15:47:29.088+07:00" time="0.065"/>
        <testcase name="native_reports_remain_readable_after_checkout_moves" classname="highgrade::trace_contracts" timestamp="2026-09-26T15:47:29.026+07:00" time="0.143"/>
        <testcase name="automatic_trace_keeps_scope_and_outcomes_distinct" classname="highgrade::trace_contracts" timestamp="2026-09-26T15:47:28.960+07:00" time="0.214"/>
        <testcase name="native_owner_replaces_only_imported_markdown_and_ignores_evidence_metadata" classname="highgrade::trace_contracts" timestamp="2026-09-26T15:47:29.019+07:00" time="0.160"/>
        <testcase name="playwright_uses_annotation_and_result_not_just_link" classname="highgrade::trace_contracts" timestamp="2026-09-26T15:47:29.091+07:00" time="0.165"/>
        <testcase name="rust_requires_real_listed_passing_result" classname="highgrade::trace_contracts" timestamp="2026-09-26T15:47:29.170+07:00" time="0.122"/>
        <testcase name="reviewed_transfer_trace_selects_one_owner_and_preserves_neighbor" classname="highgrade::trace_contracts" timestamp="2026-09-26T15:47:29.154+07:00" time="0.192"/>
        <testcase name="rust_skip_failure_unknown_and_empty_are_unconfirmed" classname="highgrade::trace_contracts" timestamp="2026-09-26T15:47:29.174+07:00" time="0.233"/>
    </testsuite>
</testsuites>
