<?xml version="1.0" encoding="UTF-8"?>
<testsuites name="nextest-run" tests="158" skipped="0" failures="0" errors="0" uuid="c54400b4-1b93-4192-a3f8-b876d1a3efbc" timestamp="2026-09-26T19:15:08.007+07:00" time="20.495">
    <testsuite name="highgrade::bootstrap_contracts" tests="18" skipped="0" errors="0" failures="0">
        <testcase name="bootstrap_skips_generated_skill_outputs" classname="highgrade::bootstrap_contracts" timestamp="2026-09-26T19:15:08.007+07:00" time="0.027"/>
        <testcase name="bootstrap_reports_all_slots_before_registry_exists" classname="highgrade::bootstrap_contracts" timestamp="2026-09-26T19:15:08.007+07:00" time="0.056"/>
        <testcase name="bootstrap_does_not_read_excluded_sources_or_offer_excluded_link_targets" classname="highgrade::bootstrap_contracts" timestamp="2026-09-26T19:15:08.007+07:00" time="0.060"/>
        <testcase name="alternative_name_is_candidate_but_never_accepted_as_role" classname="highgrade::bootstrap_contracts" timestamp="2026-09-26T19:15:08.007+07:00" time="0.082"/>
        <testcase name="bootstrap_distinguishes_adaptation_from_technical_failure" classname="highgrade::bootstrap_contracts" timestamp="2026-09-26T19:15:08.007+07:00" time="0.088"/>
        <testcase name="bundled_templates_match_the_canonical_bootstrap_contract" classname="highgrade::bootstrap_contracts" timestamp="2026-09-26T19:15:08.007+07:00" time="0.138"/>
        <testcase name="candidate_and_input_limits_keep_partial_evidence" classname="highgrade::bootstrap_contracts" timestamp="2026-09-26T19:15:08.008+07:00" time="0.157"/>
        <testcase name="complete_project_still_reports_missing_navigation_without_candidate_walk" classname="highgrade::bootstrap_contracts" timestamp="2026-09-26T19:15:08.008+07:00" time="0.162"/>
        <testcase name="canonical_project_has_separate_path_and_link_evidence" classname="highgrade::bootstrap_contracts" timestamp="2026-09-26T19:15:08.007+07:00" time="0.162"/>
        <testcase name="complete_project_still_checks_exclusion_input_without_walking_tree" classname="highgrade::bootstrap_contracts" timestamp="2026-09-26T19:15:08.008+07:00" time="0.186"/>
        <testcase name="combined_roles_are_counted_once_and_invalid_assignments_fail" classname="highgrade::bootstrap_contracts" timestamp="2026-09-26T19:15:08.008+07:00" time="0.203"/>
        <testcase name="exclusions_are_safe_and_bad_registry_does_not_hide_candidates" classname="highgrade::bootstrap_contracts" timestamp="2026-09-26T19:15:08.036+07:00" time="0.191"/>
        <testcase name="migrated_architecture_with_old_readme_link_is_reported" classname="highgrade::bootstrap_contracts" timestamp="2026-09-26T19:15:08.063+07:00" time="0.185"/>
        <testcase name="connected_project_uses_registered_existing_path" classname="highgrade::bootstrap_contracts" timestamp="2026-09-26T19:15:08.034+07:00" time="0.215"/>
        <testcase name="bootstrap_reports_multiple_unvisited_locations_with_a_count" classname="highgrade::bootstrap_contracts" timestamp="2026-09-26T19:15:08.007+07:00" time="0.254"/>
        <testcase name="missing_link_is_distinct_from_missing_file_and_registry_path_mismatch" classname="highgrade::bootstrap_contracts" timestamp="2026-09-26T19:15:08.067+07:00" time="0.208"/>
        <testcase name="cli_accepts_bootstrap_without_registry_and_rejects_map_and_conflicts" classname="highgrade::bootstrap_contracts" timestamp="2026-09-26T19:15:08.008+07:00" time="0.778"/>
        <testcase name="bootstrap_skips_junction_and_matches_exclusion_case" classname="highgrade::bootstrap_contracts" timestamp="2026-09-26T19:15:08.007+07:00" time="0.826"/>
    </testsuite>
    <testsuite name="highgrade" tests="2" skipped="0" errors="0" failures="0">
        <testcase name="trace::id_tests::accepts_project_ids_and_rejects_malformed_ids" classname="highgrade" timestamp="2026-09-26T19:15:08.007+07:00" time="0.028"/>
        <testcase name="specs::progress::metadata_compatibility::old_tagged_revision_survives_metadata_but_not_material_drift" classname="highgrade" timestamp="2026-09-26T19:15:08.007+07:00" time="0.174"/>
    </testsuite>
    <testsuite name="highgrade::catalog_contracts" tests="36" skipped="0" errors="0" failures="0">
        <testcase name="foreign_directory_and_unknown_fields_are_not_adopted" classname="highgrade::catalog_contracts" timestamp="2026-09-26T19:15:08.275+07:00" time="0.290"/>
        <testcase name="compact_catalog_accepts_empty_changes_and_new_changes" classname="highgrade::catalog_contracts" timestamp="2026-09-26T19:15:08.165+07:00" time="0.435"/>
        <testcase name="foreign_structured_files_are_not_deleted" classname="highgrade::catalog_contracts" timestamp="2026-09-26T19:15:08.566+07:00" time="0.065"/>
        <testcase name="action_diagnostics_check_runner_without_execution" classname="highgrade::catalog_contracts" timestamp="2026-09-26T19:15:08.090+07:00" time="0.566"/>
        <testcase name="explicit_migration_preserves_all_data_and_detects_legacy_writer" classname="highgrade::catalog_contracts" timestamp="2026-09-26T19:15:08.249+07:00" time="0.415"/>
        <testcase name="compact_views_and_atomic_edit_protect_results_and_cas" classname="highgrade::catalog_contracts" timestamp="2026-09-26T19:15:08.181+07:00" time="0.535"/>
        <testcase name="evidence_batch_is_atomic_and_exact_repeat_is_noop" classname="highgrade::catalog_contracts" timestamp="2026-09-26T19:15:08.210+07:00" time="0.548"/>
        <testcase name="malformed_recovery_never_unblocks_catalog" classname="highgrade::catalog_contracts" timestamp="2026-09-26T19:15:08.664+07:00" time="0.174"/>
        <testcase name="interrupted_transaction_refuses_reads_and_recovers_only_observed_targets" classname="highgrade::catalog_contracts" timestamp="2026-09-26T19:15:08.631+07:00" time="0.297"/>
        <testcase name="explicit_links_reject_missing_cycles_and_do_not_inherit_content" classname="highgrade::catalog_contracts" timestamp="2026-09-26T19:15:08.226+07:00" time="0.799"/>
        <testcase name="first_baseline_capture_rejects_local_cas_after_target_changed" classname="highgrade::catalog_contracts" timestamp="2026-09-26T19:15:08.262+07:00" time="0.871"/>
        <testcase name="readable_presentation_preserves_values_and_puts_service_fields_last" classname="highgrade::catalog_contracts" timestamp="2026-09-26T19:15:08.839+07:00" time="0.310"/>
        <testcase name="recovery_cannot_delete_a_required_specification" classname="highgrade::catalog_contracts" timestamp="2026-09-26T19:15:08.928+07:00" time="0.316"/>
        <testcase name="local_edit_rejects_dependency_runner_drift" classname="highgrade::catalog_contracts" timestamp="2026-09-26T19:15:08.657+07:00" time="0.627"/>
        <testcase name="project_catalog_survives_service_removal_and_preserves_siblings" classname="highgrade::catalog_contracts" timestamp="2026-09-26T19:15:08.834+07:00" time="0.453"/>
        <testcase name="recovery_reconstructs_partial_staging_and_missing_first_document" classname="highgrade::catalog_contracts" timestamp="2026-09-26T19:15:09.026+07:00" time="0.305"/>
        <testcase name="integrated_recheck_retains_history_and_invalidates_old_acceptance" classname="highgrade::catalog_contracts" timestamp="2026-09-26T19:15:08.600+07:00" time="0.767"/>
        <testcase name="selected_directory_is_project_owned_and_self_contained" classname="highgrade::catalog_contracts" timestamp="2026-09-26T19:15:09.244+07:00" time="0.326"/>
        <testcase name="native_report_import_reuses_suite_and_rejects_stale_or_missing_results" classname="highgrade::catalog_contracts" timestamp="2026-09-26T19:15:08.785+07:00" time="0.898"/>
        <testcase name="metadata_batch_preserves_integrated_history_and_rejects_invalid_batches" classname="highgrade::catalog_contracts" timestamp="2026-09-26T19:15:08.717+07:00" time="0.982"/>
        <testcase name="selected_list_and_local_edit_preserve_independent_work" classname="highgrade::catalog_contracts" timestamp="2026-09-26T19:15:09.284+07:00" time="0.501"/>
        <testcase name="compact_transaction_limit_and_recovery_preserve_catalog" classname="highgrade::catalog_contracts" timestamp="2026-09-26T19:15:08.170+07:00" time="1.625"/>
        <testcase name="equivalent_native_runs_keep_material_revision_and_append_history" classname="highgrade::catalog_contracts" timestamp="2026-09-26T19:15:08.194+07:00" time="1.659"/>
        <testcase name="spec_check_brief_reports_affected_inputs" classname="highgrade::catalog_contracts" timestamp="2026-09-26T19:15:09.331+07:00" time="0.615"/>
        <testcase name="two_catalog_writers_cannot_allocate_the_same_number" classname="highgrade::catalog_contracts" timestamp="2026-09-26T19:15:09.699+07:00" time="0.257"/>
        <testcase name="batch_failure_keeps_prior_results_and_each_scenario_owns_its_report" classname="highgrade::catalog_contracts" timestamp="2026-09-26T19:15:08.095+07:00" time="1.909"/>
        <testcase name="spec_check_brief_returns_stable_handoff" classname="highgrade::catalog_contracts" timestamp="2026-09-26T19:15:09.570+07:00" time="0.494"/>
        <testcase name="spec_check_brief_reports_stale_run" classname="highgrade::catalog_contracts" timestamp="2026-09-26T19:15:09.368+07:00" time="0.859"/>
        <testcase name="scoped_baseline_captures_only_selected_requirements_and_never_refreshes" classname="highgrade::catalog_contracts" timestamp="2026-09-26T19:15:09.149+07:00" time="1.433"/>
        <testcase name="shared_inputs_track_content_and_membership" classname="highgrade::catalog_contracts" timestamp="2026-09-26T19:15:09.287+07:00" time="1.336"/>
        <testcase name="multiple_checks_cannot_hide_failed_sibling_and_manual_is_explicit" classname="highgrade::catalog_contracts" timestamp="2026-09-26T19:15:08.758+07:00" time="1.993"/>
        <testcase name="compact_history_preserves_observations_and_rejects_corruption" classname="highgrade::catalog_contracts" timestamp="2026-09-26T19:15:08.170+07:00" time="2.662"/>
        <testcase name="tags_merge_atomically_and_filters_keep_dependencies_discoverable" classname="highgrade::catalog_contracts" timestamp="2026-09-26T19:15:09.683+07:00" time="1.259"/>
        <testcase name="cargo_runner_requires_a_real_exact_test" classname="highgrade::catalog_contracts" timestamp="2026-09-26T19:15:08.145+07:00" time="3.084"/>
        <testcase name="run_statistics_track_attempts_without_execution" classname="highgrade::catalog_contracts" timestamp="2026-09-26T19:15:09.133+07:00" time="3.233"/>
        <testcase name="explicit_runner_records_real_pass_fail_skip_empty_timeout_and_drift" classname="highgrade::catalog_contracts" timestamp="2026-09-26T19:15:08.250+07:00" time="8.095"/>
    </testsuite>
    <testsuite name="highgrade::contracts" tests="32" skipped="0" errors="0" failures="0">
        <testcase name="broken_links_and_anchors_are_failures" classname="highgrade::contracts" timestamp="2026-09-26T19:15:09.785+07:00" time="0.155"/>
        <testcase name="budget_history_cannot_skip_or_exceed_ceiling" classname="highgrade::contracts" timestamp="2026-09-26T19:15:09.795+07:00" time="0.175"/>
        <testcase name="colocated_document_does_not_cover_its_parent" classname="highgrade::contracts" timestamp="2026-09-26T19:15:09.946+07:00" time="0.104"/>
        <testcase name="exceeding_agreed_budget_warns_without_raising_it" classname="highgrade::contracts" timestamp="2026-09-26T19:15:10.064+07:00" time="0.103"/>
        <testcase name="entry_does_not_hide_unmapped_sibling" classname="highgrade::contracts" timestamp="2026-09-26T19:15:10.050+07:00" time="0.136"/>
        <testcase name="cli_errors_keep_the_report_contract" classname="highgrade::contracts" timestamp="2026-09-26T19:15:09.940+07:00" time="0.260"/>
        <testcase name="default_inspect_uses_only_highgrade_registry" classname="highgrade::contracts" timestamp="2026-09-26T19:15:10.005+07:00" time="0.195"/>
        <testcase name="conflicting_skill_is_not_adopted_even_if_equal" classname="highgrade::contracts" timestamp="2026-09-26T19:15:09.970+07:00" time="0.257"/>
        <testcase name="install_requires_audit_before_writes" classname="highgrade::contracts" timestamp="2026-09-26T19:15:10.200+07:00" time="0.107"/>
        <testcase name="install_rejects_stale_audit" classname="highgrade::contracts" timestamp="2026-09-26T19:15:10.200+07:00" time="0.150"/>
        <testcase name="junction_is_not_followed" classname="highgrade::contracts" timestamp="2026-09-26T19:15:10.227+07:00" time="0.143"/>
        <testcase name="measures_utf8_crlf_and_does_not_modify_inputs" classname="highgrade::contracts" timestamp="2026-09-26T19:15:10.350+07:00" time="0.118"/>
        <testcase name="missing_budget_is_unknown_not_success" classname="highgrade::contracts" timestamp="2026-09-26T19:15:10.371+07:00" time="0.101"/>
        <testcase name="links_support_reference_unicode_parent_and_code_exclusion" classname="highgrade::contracts" timestamp="2026-09-26T19:15:10.307+07:00" time="0.215"/>
        <testcase name="missing_roles_duplicates_and_files_are_reported" classname="highgrade::contracts" timestamp="2026-09-26T19:15:10.469+07:00" time="0.081"/>
        <testcase name="incomplete_temp_is_preserved_and_not_activated" classname="highgrade::contracts" timestamp="2026-09-26T19:15:10.168+07:00" time="0.417"/>
        <testcase name="new_area_is_unknown" classname="highgrade::contracts" timestamp="2026-09-26T19:15:10.522+07:00" time="0.121"/>
        <testcase name="package_hash_failure_writes_nothing" classname="highgrade::contracts" timestamp="2026-09-26T19:15:10.550+07:00" time="0.124"/>
        <testcase name="complete_temp_can_resume_publication" classname="highgrade::contracts" timestamp="2026-09-26T19:15:09.956+07:00" time="0.836"/>
        <testcase name="parent_scope_reads_child_documents" classname="highgrade::contracts" timestamp="2026-09-26T19:15:10.582+07:00" time="0.248"/>
        <testcase name="scenario_ids_in_headings_are_not_broken_markdown_links" classname="highgrade::contracts" timestamp="2026-09-26T19:15:10.623+07:00" time="0.225"/>
        <testcase name="scoped_inspection_selects_sources_and_reports_unmapped_scope" classname="highgrade::contracts" timestamp="2026-09-26T19:15:10.644+07:00" time="0.204"/>
        <testcase name="source_inventory_is_case_sensitive_and_stable" classname="highgrade::contracts" timestamp="2026-09-26T19:15:10.674+07:00" time="0.177"/>
        <testcase name="task_checkboxes_and_inline_code_are_not_references" classname="highgrade::contracts" timestamp="2026-09-26T19:15:10.752+07:00" time="0.136"/>
        <testcase name="traversal_and_ads_are_rejected" classname="highgrade::contracts" timestamp="2026-09-26T19:15:10.792+07:00" time="0.095"/>
        <testcase name="unresolved_reference_is_not_silent" classname="highgrade::contracts" timestamp="2026-09-26T19:15:10.830+07:00" time="0.102"/>
        <testcase name="valid_budget_history_passes" classname="highgrade::contracts" timestamp="2026-09-26T19:15:10.831+07:00" time="0.121"/>
        <testcase name="recovery_does_not_overwrite_foreign_edit" classname="highgrade::contracts" timestamp="2026-09-26T19:15:10.585+07:00" time="0.505"/>
        <testcase name="install_preserves_agents_and_repeats_without_duplicates" classname="highgrade::contracts" timestamp="2026-09-26T19:15:10.186+07:00" time="0.941"/>
        <testcase name="modified_installed_file_is_detected" classname="highgrade::contracts" timestamp="2026-09-26T19:15:10.472+07:00" time="0.720"/>
        <testcase name="cli_command_help_is_available_without_a_project" classname="highgrade::contracts" timestamp="2026-09-26T19:15:09.853+07:00" time="3.350"/>
        <testcase name="interruption_at_each_publication_boundary_resumes" classname="highgrade::contracts" timestamp="2026-09-26T19:15:10.228+07:00" time="3.164"/>
    </testsuite>
    <testsuite name="highgrade::global_contracts" tests="28" skipped="0" errors="0" failures="0">
        <testcase name="doctor_reports_unavailable_tool_without_claiming_version" classname="highgrade::global_contracts" timestamp="2026-09-26T19:15:10.848+07:00" time="0.106"/>
        <testcase name="global_update_rejects_manual_rollback_option" classname="highgrade::global_contracts" timestamp="2026-09-26T19:15:11.090+07:00" time="0.096"/>
        <testcase name="kit_manifest_uses_stable_lf_bytes" classname="highgrade::global_contracts" timestamp="2026-09-26T19:15:11.192+07:00" time="0.087"/>
        <testcase name="global_install_rejects_hash_and_foreign_router_without_activation" classname="highgrade::global_contracts" timestamp="2026-09-26T19:15:10.943+07:00" time="1.367"/>
        <testcase name="failed_stage_preserves_foreign_candidate_journal" classname="highgrade::global_contracts" timestamp="2026-09-26T19:15:10.888+07:00" time="4.304"/>
        <testcase name="interrupted_skill_update_recovers_without_overwriting_user_edit" classname="highgrade::global_contracts" timestamp="2026-09-26T19:15:11.186+07:00" time="4.074"/>
        <testcase name="shipped_tool_references_resolve_without_repository_files" classname="highgrade::global_contracts" timestamp="2026-09-26T19:15:15.192+07:00" time="0.424"/>
        <testcase name="installed_runtime_references_survive_removal_of_source_copy" classname="highgrade::global_contracts" timestamp="2026-09-26T19:15:11.127+07:00" time="4.660"/>
        <testcase name="supported_adapter_does_not_claim_semantic_readiness" classname="highgrade::global_contracts" timestamp="2026-09-26T19:15:15.787+07:00" time="0.148"/>
        <testcase name="planner_router_is_portable" classname="highgrade::global_contracts" timestamp="2026-09-26T19:15:12.366+07:00" time="3.798"/>
        <testcase name="unsupported_project_adapter_is_a_failure" classname="highgrade::global_contracts" timestamp="2026-09-26T19:15:16.164+07:00" time="0.156"/>
        <testcase name="global_install_does_not_touch_project_and_checks_adapter" classname="highgrade::global_contracts" timestamp="2026-09-26T19:15:10.932+07:00" time="5.414"/>
        <testcase name="shipped_registry_example_is_accepted_without_inventing_budgets" classname="highgrade::global_contracts" timestamp="2026-09-26T19:15:13.392+07:00" time="3.179"/>
        <testcase name="locked_v026_router_is_inactive_after_switch" classname="highgrade::global_contracts" timestamp="2026-09-26T19:15:11.279+07:00" time="6.536"/>
        <testcase name="failed_candidate_stage_restores_changed_skill" classname="highgrade::global_contracts" timestamp="2026-09-26T19:15:10.848+07:00" time="7.728"/>
        <testcase name="failed_forward_pointer_change_allows_a_different_candidate" classname="highgrade::global_contracts" timestamp="2026-09-26T19:15:10.851+07:00" time="8.174"/>
        <testcase name="nine_skill_release_upgrades_to_thematic_tool_references" classname="highgrade::global_contracts" timestamp="2026-09-26T19:15:12.310+07:00" time="7.140"/>
        <testcase name="planner_update_accepts_prior_eight_skill_release" classname="highgrade::global_contracts" timestamp="2026-09-26T19:15:13.203+07:00" time="6.484"/>
        <testcase name="global_update_preserves_project_adaptation_in_profile" classname="highgrade::global_contracts" timestamp="2026-09-26T19:15:10.953+07:00" time="9.443"/>
        <testcase name="failed_stage_does_not_leave_new_routers" classname="highgrade::global_contracts" timestamp="2026-09-26T19:15:10.888+07:00" time="9.594"/>
        <testcase name="legacy_deploy_migrates_to_approve_push_and_cleans_old_release" classname="highgrade::global_contracts" timestamp="2026-09-26T19:15:11.230+07:00" time="11.147"/>
        <testcase name="six_skill_release_preserves_owned_crlf_routers" classname="highgrade::global_contracts" timestamp="2026-09-26T19:15:15.261+07:00" time="7.407"/>
        <testcase name="v026_deploy_migrates_to_two_routes_and_removes_old_release" classname="highgrade::global_contracts" timestamp="2026-09-26T19:15:16.346+07:00" time="6.419"/>
        <testcase name="six_skill_release_updates_to_approve_push_and_cleans_old_release" classname="highgrade::global_contracts" timestamp="2026-09-26T19:15:15.616+07:00" time="7.440"/>
        <testcase name="thematic_tools_release_upgrades_to_fixer_materials" classname="highgrade::global_contracts" timestamp="2026-09-26T19:15:15.935+07:00" time="7.135"/>
        <testcase name="global_update_preview_switch_and_cleanup_keep_unrelated_files" classname="highgrade::global_contracts" timestamp="2026-09-26T19:15:10.954+07:00" time="12.367"/>
        <testcase name="update_replaces_owned_skill_and_preserves_user_edit" classname="highgrade::global_contracts" timestamp="2026-09-26T19:15:16.345+07:00" time="9.046"/>
        <testcase name="update_preserves_foreign_file_in_old_release" classname="highgrade::global_contracts" timestamp="2026-09-26T19:15:16.320+07:00" time="12.181"/>
    </testsuite>
    <testsuite name="highgrade::issue_contracts" tests="6" skipped="0" errors="0" failures="0">
        <testcase name="foreign_catalog_versions_and_unsafe_recovery_are_rejected" classname="highgrade::issue_contracts" timestamp="2026-09-26T19:15:16.571+07:00" time="0.324"/>
        <testcase name="interrupted_issue_transaction_requires_explicit_safe_recovery" classname="highgrade::issue_contracts" timestamp="2026-09-26T19:15:16.896+07:00" time="0.266"/>
        <testcase name="invalid_edits_and_concurrent_writers_leave_whole_catalog" classname="highgrade::issue_contracts" timestamp="2026-09-26T19:15:17.163+07:00" time="0.526"/>
        <testcase name="issue_evidence_rejects_case_variants_of_owned_paths" classname="highgrade::issue_contracts" timestamp="2026-09-26T19:15:17.815+07:00" time="0.167"/>
        <testcase name="issue_catalog_search_and_read_never_execute_recipes" classname="highgrade::issue_contracts" timestamp="2026-09-26T19:15:17.689+07:00" time="0.385"/>
        <testcase name="occurrence_receipts_are_idempotent_and_verification_is_material" classname="highgrade::issue_contracts" timestamp="2026-09-26T19:15:17.982+07:00" time="0.747"/>
    </testsuite>
    <testsuite name="highgrade::package_contracts" tests="7" skipped="0" errors="0" failures="0">
        <testcase name="bundled_skill_frontmatter_uses_safe_scalars" classname="highgrade::package_contracts" timestamp="2026-09-26T19:15:18.074+07:00" time="0.204"/>
        <testcase name="full_install_rejects_pending_audit_and_foreign_skill" classname="highgrade::package_contracts" timestamp="2026-09-26T19:15:18.729+07:00" time="0.396"/>
        <testcase name="full_install_keeps_project_files_and_repeats" classname="highgrade::package_contracts" timestamp="2026-09-26T19:15:18.576+07:00" time="1.303"/>
        <testcase name="project_exclusions_require_an_explicit_reason_and_fresh_audit" classname="highgrade::package_contracts" timestamp="2026-09-26T19:15:19.026+07:00" time="1.029"/>
        <testcase name="candidate_conflict_never_changes_active_release" classname="highgrade::package_contracts" timestamp="2026-09-26T19:15:18.278+07:00" time="2.262"/>
        <testcase name="update_rejects_manifest_cli_version_mismatch" classname="highgrade::package_contracts" timestamp="2026-09-26T19:15:19.125+07:00" time="3.019"/>
        <testcase name="update_requires_fresh_explicit_decision_and_preserves_adaptation" classname="highgrade::package_contracts" timestamp="2026-09-26T19:15:19.450+07:00" time="8.661"/>
    </testsuite>
    <testsuite name="highgrade::spec_contracts" tests="18" skipped="0" errors="0" failures="0">
        <testcase name="competing_processes_and_failed_replace_preserve_whole_store" classname="highgrade::spec_contracts" timestamp="2026-09-26T19:15:19.879+07:00" time="0.204"/>
        <testcase name="automatic_numbers_survive_abandon_failure_and_competing_cli_writers" classname="highgrade::spec_contracts" timestamp="2026-09-26T19:15:19.687+07:00" time="0.445"/>
        <testcase name="drafts_are_readable_but_unknown_versions_and_fields_never_write" classname="highgrade::spec_contracts" timestamp="2026-09-26T19:15:20.055+07:00" time="0.366"/>
        <testcase name="equivalent_evidence_refresh_preserves_decision_but_changed_observation_does_not" classname="highgrade::spec_contracts" timestamp="2026-09-26T19:15:20.084+07:00" time="0.398"/>
        <testcase name="evidence_and_review_go_stale_without_losing_unaffected_observations" classname="highgrade::spec_contracts" timestamp="2026-09-26T19:15:20.132+07:00" time="0.459"/>
        <testcase name="native_doctor_does_not_require_openspec_or_execute_external_tools" classname="highgrade::spec_contracts" timestamp="2026-09-26T19:15:20.541+07:00" time="0.167"/>
        <testcase name="negative_review_and_sibling_scenario_regressions" classname="highgrade::spec_contracts" timestamp="2026-09-26T19:15:20.591+07:00" time="0.357"/>
        <testcase name="json_progress_rejects_missing_skipped_unknown_and_negative_review" classname="highgrade::spec_contracts" timestamp="2026-09-26T19:15:20.482+07:00" time="0.663"/>
        <testcase name="human_history_is_atomic_protected_and_bound_to_spec_and_implementation" classname="highgrade::spec_contracts" timestamp="2026-09-26T19:15:20.396+07:00" time="0.764"/>
        <testcase name="integration_rejects_stale_base_and_requires_removal_reason" classname="highgrade::spec_contracts" timestamp="2026-09-26T19:15:20.421+07:00" time="0.883"/>
        <testcase name="report_that_is_also_an_input_never_hides_changed_implementation" classname="highgrade::spec_contracts" timestamp="2026-09-26T19:15:20.948+07:00" time="0.413"/>
        <testcase name="isolated_three_spec_lifecycle_keeps_exact_decisions_and_pending_work" classname="highgrade::spec_contracts" timestamp="2026-09-26T19:15:20.482+07:00" time="0.970"/>
        <testcase name="reviewed_contract_transfer_preserves_unverified_status_and_rejects_bad_inputs" classname="highgrade::spec_contracts" timestamp="2026-09-26T19:15:21.160+07:00" time="0.392"/>
        <testcase name="returned_integrated_spec_is_corrected_by_a_new_change_without_rewriting_history" classname="highgrade::spec_contracts" timestamp="2026-09-26T19:15:21.145+07:00" time="0.449"/>
        <testcase name="selected_import_retains_source_and_leaves_other_legacy_requirements" classname="highgrade::spec_contracts" timestamp="2026-09-26T19:15:21.361+07:00" time="0.523"/>
        <testcase name="v1_migration_preserves_exact_backup_ids_evidence_and_review_digest" classname="highgrade::spec_contracts" timestamp="2026-09-26T19:15:21.452+07:00" time="0.665"/>
        <testcase name="reviewed_import_transfer_works_with_directory_catalog" classname="highgrade::spec_contracts" timestamp="2026-09-26T19:15:21.304+07:00" time="0.818"/>
        <testcase name="read_payload_and_cas_always_describe_the_same_snapshot" classname="highgrade::spec_contracts" timestamp="2026-09-26T19:15:20.708+07:00" time="2.184"/>
    </testsuite>
    <testsuite name="highgrade::temp_contracts" tests="1" skipped="0" errors="0" failures="0">
        <testcase name="test_dir_cleans_after_panic_and_keeps_foreign_directory" classname="highgrade::temp_contracts" timestamp="2026-09-26T19:15:21.552+07:00" time="0.065"/>
    </testsuite>
    <testsuite name="highgrade::trace_contracts" tests="10" skipped="0" errors="0" failures="0">
        <testcase name="duplicate_and_unknown_scenario_ids_do_not_pass" classname="highgrade::trace_contracts" timestamp="2026-09-26T19:15:21.884+07:00" time="0.171"/>
        <testcase name="active_modified_requirement_replaces_base_for_trace" classname="highgrade::trace_contracts" timestamp="2026-09-26T19:15:21.594+07:00" time="0.468"/>
        <testcase name="automatic_trace_keeps_scope_and_outcomes_distinct" classname="highgrade::trace_contracts" timestamp="2026-09-26T19:15:21.617+07:00" time="0.554"/>
        <testcase name="playwright_resolves_source_relative_to_report_root" classname="highgrade::trace_contracts" timestamp="2026-09-26T19:15:22.117+07:00" time="0.096"/>
        <testcase name="native_owner_replaces_only_imported_markdown_and_ignores_evidence_metadata" classname="highgrade::trace_contracts" timestamp="2026-09-26T19:15:22.055+07:00" time="0.261"/>
        <testcase name="playwright_uses_annotation_and_result_not_just_link" classname="highgrade::trace_contracts" timestamp="2026-09-26T19:15:22.122+07:00" time="0.201"/>
        <testcase name="native_reports_remain_readable_after_checkout_moves" classname="highgrade::trace_contracts" timestamp="2026-09-26T19:15:22.062+07:00" time="0.310"/>
        <testcase name="reviewed_transfer_trace_selects_one_owner_and_preserves_neighbor" classname="highgrade::trace_contracts" timestamp="2026-09-26T19:15:22.145+07:00" time="0.245"/>
        <testcase name="rust_requires_real_listed_passing_result" classname="highgrade::trace_contracts" timestamp="2026-09-26T19:15:22.171+07:00" time="0.222"/>
        <testcase name="rust_skip_failure_unknown_and_empty_are_unconfirmed" classname="highgrade::trace_contracts" timestamp="2026-09-26T19:15:22.218+07:00" time="0.300"/>
    </testsuite>
</testsuites>
